{"D:\\DATN\\CodeGd1\\server\\routes\\authRoutes.js": {"path":"D:\\DATN\\CodeGd1\\server\\routes\\authRoutes.js","statementMap":{"0":{"start":{"line":1,"column":16},"end":{"line":1,"column":34}},"1":{"start":{"line":2,"column":15},"end":{"line":2,"column":31}},"2":{"start":{"line":3,"column":15},"end":{"line":3,"column":34}},"3":{"start":{"line":4,"column":12},"end":{"line":4,"column":35}},"4":{"start":{"line":5,"column":15},"end":{"line":5,"column":32}},"5":{"start":{"line":7,"column":13},"end":{"line":7,"column":38}},"6":{"start":{"line":8,"column":35},"end":{"line":8,"column":62}},"7":{"start":{"line":10,"column":19},"end":{"line":10,"column":41}},"8":{"start":{"line":11,"column":28},"end":{"line":11,"column":67}},"9":{"start":{"line":13,"column":20},"end":{"line":32,"column":1}},"10":{"start":{"line":14,"column":2},"end":{"line":31,"column":3}},"11":{"start":{"line":15,"column":23},"end":{"line":15,"column":54}},"12":{"start":{"line":16,"column":18},"end":{"line":18,"column":12}},"13":{"start":{"line":20,"column":4},"end":{"line":22,"column":5}},"14":{"start":{"line":21,"column":6},"end":{"line":21,"column":70}},"15":{"start":{"line":24,"column":20},"end":{"line":24,"column":49}},"16":{"start":{"line":25,"column":4},"end":{"line":25,"column":32}},"17":{"start":{"line":26,"column":4},"end":{"line":26,"column":32}},"18":{"start":{"line":28,"column":4},"end":{"line":28,"column":11}},"19":{"start":{"line":30,"column":4},"end":{"line":30,"column":94}},"20":{"start":{"line":35,"column":0},"end":{"line":118,"column":3}},"21":{"start":{"line":36,"column":2},"end":{"line":117,"column":3}},"22":{"start":{"line":37,"column":82},"end":{"line":37,"column":90}},"23":{"start":{"line":39,"column":4},"end":{"line":41,"column":5}},"24":{"start":{"line":40,"column":6},"end":{"line":40,"column":88}},"25":{"start":{"line":43,"column":4},"end":{"line":45,"column":5}},"26":{"start":{"line":44,"column":6},"end":{"line":44,"column":100}},"27":{"start":{"line":47,"column":4},"end":{"line":49,"column":5}},"28":{"start":{"line":48,"column":6},"end":{"line":48,"column":91}},"29":{"start":{"line":51,"column":4},"end":{"line":53,"column":5}},"30":{"start":{"line":52,"column":6},"end":{"line":52,"column":93}},"31":{"start":{"line":55,"column":4},"end":{"line":57,"column":5}},"32":{"start":{"line":56,"column":6},"end":{"line":56,"column":94}},"33":{"start":{"line":59,"column":4},"end":{"line":61,"column":5}},"34":{"start":{"line":60,"column":6},"end":{"line":60,"column":89}},"35":{"start":{"line":63,"column":4},"end":{"line":65,"column":5}},"36":{"start":{"line":64,"column":6},"end":{"line":64,"column":99}},"37":{"start":{"line":67,"column":4},"end":{"line":69,"column":5}},"38":{"start":{"line":68,"column":6},"end":{"line":68,"column":87}},"39":{"start":{"line":71,"column":28},"end":{"line":71,"column":54}},"40":{"start":{"line":72,"column":23},"end":{"line":72,"column":51}},"41":{"start":{"line":74,"column":4},"end":{"line":76,"column":5}},"42":{"start":{"line":75,"column":6},"end":{"line":75,"column":94}},"43":{"start":{"line":78,"column":4},"end":{"line":80,"column":5}},"44":{"start":{"line":79,"column":6},"end":{"line":79,"column":93}},"45":{"start":{"line":82,"column":4},"end":{"line":87,"column":5}},"46":{"start":{"line":83,"column":6},"end":{"line":86,"column":9}},"47":{"start":{"line":89,"column":25},"end":{"line":89,"column":71}},"48":{"start":{"line":90,"column":4},"end":{"line":92,"column":5}},"49":{"start":{"line":91,"column":6},"end":{"line":91,"column":93}},"50":{"start":{"line":94,"column":17},"end":{"line":94,"column":41}},"51":{"start":{"line":95,"column":27},"end":{"line":95,"column":60}},"52":{"start":{"line":97,"column":20},"end":{"line":107,"column":6}},"53":{"start":{"line":109,"column":4},"end":{"line":109,"column":25}},"54":{"start":{"line":111,"column":4},"end":{"line":113,"column":7}},"55":{"start":{"line":115,"column":4},"end":{"line":115,"column":45}},"56":{"start":{"line":116,"column":4},"end":{"line":116,"column":75}},"57":{"start":{"line":121,"column":0},"end":{"line":182,"column":3}},"58":{"start":{"line":122,"column":2},"end":{"line":181,"column":3}},"59":{"start":{"line":123,"column":32},"end":{"line":123,"column":40}},"60":{"start":{"line":125,"column":4},"end":{"line":127,"column":5}},"61":{"start":{"line":126,"column":6},"end":{"line":126,"column":87}},"62":{"start":{"line":129,"column":4},"end":{"line":131,"column":5}},"63":{"start":{"line":130,"column":6},"end":{"line":130,"column":93}},"64":{"start":{"line":133,"column":28},"end":{"line":133,"column":54}},"65":{"start":{"line":135,"column":17},"end":{"line":135,"column":63}},"66":{"start":{"line":136,"column":4},"end":{"line":138,"column":5}},"67":{"start":{"line":137,"column":6},"end":{"line":137,"column":102}},"68":{"start":{"line":140,"column":4},"end":{"line":145,"column":5}},"69":{"start":{"line":141,"column":6},"end":{"line":144,"column":9}},"70":{"start":{"line":147,"column":20},"end":{"line":147,"column":65}},"71":{"start":{"line":148,"column":4},"end":{"line":150,"column":5}},"72":{"start":{"line":149,"column":6},"end":{"line":149,"column":90}},"73":{"start":{"line":152,"column":18},"end":{"line":160,"column":5}},"74":{"start":{"line":162,"column":4},"end":{"line":177,"column":7}},"75":{"start":{"line":179,"column":4},"end":{"line":179,"column":42}},"76":{"start":{"line":180,"column":4},"end":{"line":180,"column":67}},"77":{"start":{"line":185,"column":0},"end":{"line":227,"column":3}},"78":{"start":{"line":186,"column":2},"end":{"line":226,"column":3}},"79":{"start":{"line":187,"column":22},"end":{"line":187,"column":30}},"80":{"start":{"line":189,"column":4},"end":{"line":191,"column":5}},"81":{"start":{"line":190,"column":6},"end":{"line":190,"column":87}},"82":{"start":{"line":193,"column":28},"end":{"line":193,"column":54}},"83":{"start":{"line":194,"column":17},"end":{"line":194,"column":63}},"84":{"start":{"line":196,"column":4},"end":{"line":198,"column":5}},"85":{"start":{"line":197,"column":6},"end":{"line":197,"column":102}},"86":{"start":{"line":200,"column":4},"end":{"line":205,"column":5}},"87":{"start":{"line":201,"column":6},"end":{"line":204,"column":9}},"88":{"start":{"line":207,"column":21},"end":{"line":207,"column":59}},"89":{"start":{"line":208,"column":22},"end":{"line":208,"column":80}},"90":{"start":{"line":210,"column":4},"end":{"line":210,"column":44}},"91":{"start":{"line":211,"column":4},"end":{"line":211,"column":70}},"92":{"start":{"line":212,"column":4},"end":{"line":212,"column":22}},"93":{"start":{"line":214,"column":22},"end":{"line":214,"column":76}},"94":{"start":{"line":216,"column":4},"end":{"line":220,"column":7}},"95":{"start":{"line":222,"column":4},"end":{"line":222,"column":86}},"96":{"start":{"line":224,"column":4},"end":{"line":224,"column":52}},"97":{"start":{"line":225,"column":4},"end":{"line":225,"column":79}},"98":{"start":{"line":230,"column":0},"end":{"line":283,"column":3}},"99":{"start":{"line":231,"column":2},"end":{"line":282,"column":3}},"100":{"start":{"line":232,"column":22},"end":{"line":232,"column":32}},"101":{"start":{"line":233,"column":42},"end":{"line":233,"column":50}},"102":{"start":{"line":235,"column":4},"end":{"line":237,"column":5}},"103":{"start":{"line":236,"column":6},"end":{"line":236,"column":97}},"104":{"start":{"line":239,"column":4},"end":{"line":244,"column":5}},"105":{"start":{"line":240,"column":6},"end":{"line":243,"column":9}},"106":{"start":{"line":246,"column":4},"end":{"line":248,"column":5}},"107":{"start":{"line":247,"column":6},"end":{"line":247,"column":108}},"108":{"start":{"line":250,"column":4},"end":{"line":252,"column":5}},"109":{"start":{"line":251,"column":6},"end":{"line":251,"column":106}},"110":{"start":{"line":254,"column":22},"end":{"line":254,"column":77}},"111":{"start":{"line":256,"column":17},"end":{"line":259,"column":6}},"112":{"start":{"line":261,"column":4},"end":{"line":263,"column":5}},"113":{"start":{"line":262,"column":6},"end":{"line":262,"column":106}},"114":{"start":{"line":265,"column":4},"end":{"line":269,"column":5}},"115":{"start":{"line":266,"column":6},"end":{"line":268,"column":9}},"116":{"start":{"line":271,"column":17},"end":{"line":271,"column":41}},"117":{"start":{"line":272,"column":4},"end":{"line":272,"column":54}},"118":{"start":{"line":273,"column":4},"end":{"line":273,"column":39}},"119":{"start":{"line":274,"column":4},"end":{"line":274,"column":37}},"120":{"start":{"line":276,"column":4},"end":{"line":276,"column":22}},"121":{"start":{"line":278,"column":4},"end":{"line":278,"column":84}},"122":{"start":{"line":280,"column":4},"end":{"line":280,"column":51}},"123":{"start":{"line":281,"column":4},"end":{"line":281,"column":69}},"124":{"start":{"line":286,"column":0},"end":{"line":353,"column":3}},"125":{"start":{"line":287,"column":2},"end":{"line":352,"column":3}},"126":{"start":{"line":288,"column":64},"end":{"line":288,"column":72}},"127":{"start":{"line":290,"column":17},"end":{"line":290,"column":48}},"128":{"start":{"line":291,"column":4},"end":{"line":293,"column":5}},"129":{"start":{"line":292,"column":6},"end":{"line":292,"column":76}},"130":{"start":{"line":295,"column":4},"end":{"line":299,"column":5}},"131":{"start":{"line":296,"column":6},"end":{"line":298,"column":9}},"132":{"start":{"line":301,"column":4},"end":{"line":303,"column":5}},"133":{"start":{"line":302,"column":6},"end":{"line":302,"column":99}},"134":{"start":{"line":305,"column":4},"end":{"line":307,"column":5}},"135":{"start":{"line":306,"column":6},"end":{"line":306,"column":91}},"136":{"start":{"line":309,"column":4},"end":{"line":311,"column":5}},"137":{"start":{"line":310,"column":6},"end":{"line":310,"column":107}},"138":{"start":{"line":313,"column":4},"end":{"line":315,"column":5}},"139":{"start":{"line":314,"column":6},"end":{"line":314,"column":94}},"140":{"start":{"line":317,"column":4},"end":{"line":319,"column":5}},"141":{"start":{"line":318,"column":6},"end":{"line":318,"column":89}},"142":{"start":{"line":321,"column":4},"end":{"line":323,"column":5}},"143":{"start":{"line":322,"column":6},"end":{"line":322,"column":99}},"144":{"start":{"line":325,"column":4},"end":{"line":325,"column":36}},"145":{"start":{"line":326,"column":4},"end":{"line":326,"column":32}},"146":{"start":{"line":327,"column":4},"end":{"line":327,"column":69}},"147":{"start":{"line":328,"column":4},"end":{"line":328,"column":19}},"148":{"start":{"line":329,"column":4},"end":{"line":329,"column":36}},"149":{"start":{"line":330,"column":4},"end":{"line":330,"column":33}},"150":{"start":{"line":332,"column":4},"end":{"line":332,"column":22}},"151":{"start":{"line":334,"column":4},"end":{"line":348,"column":7}},"152":{"start":{"line":350,"column":4},"end":{"line":350,"column":51}},"153":{"start":{"line":351,"column":4},"end":{"line":351,"column":72}},"154":{"start":{"line":355,"column":0},"end":{"line":355,"column":24}}},"fnMap":{"0":{"name":"(anonymous_0)","decl":{"start":{"line":13,"column":20},"end":{"line":13,"column":21}},"loc":{"start":{"line":13,"column":40},"end":{"line":32,"column":1}},"line":13},"1":{"name":"(anonymous_1)","decl":{"start":{"line":35,"column":25},"end":{"line":35,"column":26}},"loc":{"start":{"line":35,"column":45},"end":{"line":118,"column":1}},"line":35},"2":{"name":"(anonymous_2)","decl":{"start":{"line":121,"column":22},"end":{"line":121,"column":23}},"loc":{"start":{"line":121,"column":42},"end":{"line":182,"column":1}},"line":121},"3":{"name":"(anonymous_3)","decl":{"start":{"line":185,"column":32},"end":{"line":185,"column":33}},"loc":{"start":{"line":185,"column":52},"end":{"line":227,"column":1}},"line":185},"4":{"name":"(anonymous_4)","decl":{"start":{"line":230,"column":38},"end":{"line":230,"column":39}},"loc":{"start":{"line":230,"column":58},"end":{"line":283,"column":1}},"line":230},"5":{"name":"(anonymous_5)","decl":{"start":{"line":286,"column":36},"end":{"line":286,"column":37}},"loc":{"start":{"line":286,"column":56},"end":{"line":353,"column":1}},"line":286}},"branchMap":{"0":{"loc":{"start":{"line":15,"column":23},"end":{"line":15,"column":54}},"type":"binary-expr","locations":[{"start":{"line":15,"column":23},"end":{"line":15,"column":48}},{"start":{"line":15,"column":52},"end":{"line":15,"column":54}}],"line":15},"1":{"loc":{"start":{"line":16,"column":18},"end":{"line":18,"column":12}},"type":"cond-expr","locations":[{"start":{"line":17,"column":8},"end":{"line":17,"column":32}},{"start":{"line":18,"column":8},"end":{"line":18,"column":12}}],"line":16},"2":{"loc":{"start":{"line":20,"column":4},"end":{"line":22,"column":5}},"type":"if","locations":[{"start":{"line":20,"column":4},"end":{"line":22,"column":5}},{"start":{},"end":{}}],"line":20},"3":{"loc":{"start":{"line":39,"column":4},"end":{"line":41,"column":5}},"type":"if","locations":[{"start":{"line":39,"column":4},"end":{"line":41,"column":5}},{"start":{},"end":{}}],"line":39},"4":{"loc":{"start":{"line":43,"column":4},"end":{"line":45,"column":5}},"type":"if","locations":[{"start":{"line":43,"column":4},"end":{"line":45,"column":5}},{"start":{},"end":{}}],"line":43},"5":{"loc":{"start":{"line":47,"column":4},"end":{"line":49,"column":5}},"type":"if","locations":[{"start":{"line":47,"column":4},"end":{"line":49,"column":5}},{"start":{},"end":{}}],"line":47},"6":{"loc":{"start":{"line":51,"column":4},"end":{"line":53,"column":5}},"type":"if","locations":[{"start":{"line":51,"column":4},"end":{"line":53,"column":5}},{"start":{},"end":{}}],"line":51},"7":{"loc":{"start":{"line":55,"column":4},"end":{"line":57,"column":5}},"type":"if","locations":[{"start":{"line":55,"column":4},"end":{"line":57,"column":5}},{"start":{},"end":{}}],"line":55},"8":{"loc":{"start":{"line":55,"column":8},"end":{"line":55,"column":48}},"type":"binary-expr","locations":[{"start":{"line":55,"column":8},"end":{"line":55,"column":26}},{"start":{"line":55,"column":30},"end":{"line":55,"column":48}}],"line":55},"9":{"loc":{"start":{"line":59,"column":4},"end":{"line":61,"column":5}},"type":"if","locations":[{"start":{"line":59,"column":4},"end":{"line":61,"column":5}},{"start":{},"end":{}}],"line":59},"10":{"loc":{"start":{"line":63,"column":4},"end":{"line":65,"column":5}},"type":"if","locations":[{"start":{"line":63,"column":4},"end":{"line":65,"column":5}},{"start":{},"end":{}}],"line":63},"11":{"loc":{"start":{"line":67,"column":4},"end":{"line":69,"column":5}},"type":"if","locations":[{"start":{"line":67,"column":4},"end":{"line":69,"column":5}},{"start":{},"end":{}}],"line":67},"12":{"loc":{"start":{"line":74,"column":4},"end":{"line":76,"column":5}},"type":"if","locations":[{"start":{"line":74,"column":4},"end":{"line":76,"column":5}},{"start":{},"end":{}}],"line":74},"13":{"loc":{"start":{"line":78,"column":4},"end":{"line":80,"column":5}},"type":"if","locations":[{"start":{"line":78,"column":4},"end":{"line":80,"column":5}},{"start":{},"end":{}}],"line":78},"14":{"loc":{"start":{"line":82,"column":4},"end":{"line":87,"column":5}},"type":"if","locations":[{"start":{"line":82,"column":4},"end":{"line":87,"column":5}},{"start":{},"end":{}}],"line":82},"15":{"loc":{"start":{"line":90,"column":4},"end":{"line":92,"column":5}},"type":"if","locations":[{"start":{"line":90,"column":4},"end":{"line":92,"column":5}},{"start":{},"end":{}}],"line":90},"16":{"loc":{"start":{"line":101,"column":17},"end":{"line":101,"column":59}},"type":"cond-expr","locations":[{"start":{"line":101,"column":38},"end":{"line":101,"column":54}},{"start":{"line":101,"column":57},"end":{"line":101,"column":59}}],"line":101},"17":{"loc":{"start":{"line":112,"column":36},"end":{"line":112,"column":81}},"type":"cond-expr","locations":[{"start":{"line":112,"column":57},"end":{"line":112,"column":68}},{"start":{"line":112,"column":71},"end":{"line":112,"column":81}}],"line":112},"18":{"loc":{"start":{"line":125,"column":4},"end":{"line":127,"column":5}},"type":"if","locations":[{"start":{"line":125,"column":4},"end":{"line":127,"column":5}},{"start":{},"end":{}}],"line":125},"19":{"loc":{"start":{"line":129,"column":4},"end":{"line":131,"column":5}},"type":"if","locations":[{"start":{"line":129,"column":4},"end":{"line":131,"column":5}},{"start":{},"end":{}}],"line":129},"20":{"loc":{"start":{"line":136,"column":4},"end":{"line":138,"column":5}},"type":"if","locations":[{"start":{"line":136,"column":4},"end":{"line":138,"column":5}},{"start":{},"end":{}}],"line":136},"21":{"loc":{"start":{"line":140,"column":4},"end":{"line":145,"column":5}},"type":"if","locations":[{"start":{"line":140,"column":4},"end":{"line":145,"column":5}},{"start":{},"end":{}}],"line":140},"22":{"loc":{"start":{"line":148,"column":4},"end":{"line":150,"column":5}},"type":"if","locations":[{"start":{"line":148,"column":4},"end":{"line":150,"column":5}},{"start":{},"end":{}}],"line":148},"23":{"loc":{"start":{"line":170,"column":16},"end":{"line":170,"column":39}},"type":"binary-expr","locations":[{"start":{"line":170,"column":16},"end":{"line":170,"column":27}},{"start":{"line":170,"column":31},"end":{"line":170,"column":39}}],"line":170},"24":{"loc":{"start":{"line":171,"column":16},"end":{"line":171,"column":33}},"type":"binary-expr","locations":[{"start":{"line":171,"column":16},"end":{"line":171,"column":27}},{"start":{"line":171,"column":31},"end":{"line":171,"column":33}}],"line":171},"25":{"loc":{"start":{"line":172,"column":19},"end":{"line":172,"column":39}},"type":"binary-expr","locations":[{"start":{"line":172,"column":19},"end":{"line":172,"column":33}},{"start":{"line":172,"column":37},"end":{"line":172,"column":39}}],"line":172},"26":{"loc":{"start":{"line":173,"column":13},"end":{"line":173,"column":27}},"type":"binary-expr","locations":[{"start":{"line":173,"column":13},"end":{"line":173,"column":21}},{"start":{"line":173,"column":25},"end":{"line":173,"column":27}}],"line":173},"27":{"loc":{"start":{"line":174,"column":18},"end":{"line":174,"column":37}},"type":"binary-expr","locations":[{"start":{"line":174,"column":18},"end":{"line":174,"column":31}},{"start":{"line":174,"column":35},"end":{"line":174,"column":37}}],"line":174},"28":{"loc":{"start":{"line":175,"column":13},"end":{"line":175,"column":27}},"type":"binary-expr","locations":[{"start":{"line":175,"column":13},"end":{"line":175,"column":21}},{"start":{"line":175,"column":25},"end":{"line":175,"column":27}}],"line":175},"29":{"loc":{"start":{"line":189,"column":4},"end":{"line":191,"column":5}},"type":"if","locations":[{"start":{"line":189,"column":4},"end":{"line":191,"column":5}},{"start":{},"end":{}}],"line":189},"30":{"loc":{"start":{"line":196,"column":4},"end":{"line":198,"column":5}},"type":"if","locations":[{"start":{"line":196,"column":4},"end":{"line":198,"column":5}},{"start":{},"end":{}}],"line":196},"31":{"loc":{"start":{"line":200,"column":4},"end":{"line":205,"column":5}},"type":"if","locations":[{"start":{"line":200,"column":4},"end":{"line":205,"column":5}},{"start":{},"end":{}}],"line":200},"32":{"loc":{"start":{"line":235,"column":4},"end":{"line":237,"column":5}},"type":"if","locations":[{"start":{"line":235,"column":4},"end":{"line":237,"column":5}},{"start":{},"end":{}}],"line":235},"33":{"loc":{"start":{"line":239,"column":4},"end":{"line":244,"column":5}},"type":"if","locations":[{"start":{"line":239,"column":4},"end":{"line":244,"column":5}},{"start":{},"end":{}}],"line":239},"34":{"loc":{"start":{"line":246,"column":4},"end":{"line":248,"column":5}},"type":"if","locations":[{"start":{"line":246,"column":4},"end":{"line":248,"column":5}},{"start":{},"end":{}}],"line":246},"35":{"loc":{"start":{"line":250,"column":4},"end":{"line":252,"column":5}},"type":"if","locations":[{"start":{"line":250,"column":4},"end":{"line":252,"column":5}},{"start":{},"end":{}}],"line":250},"36":{"loc":{"start":{"line":261,"column":4},"end":{"line":263,"column":5}},"type":"if","locations":[{"start":{"line":261,"column":4},"end":{"line":263,"column":5}},{"start":{},"end":{}}],"line":261},"37":{"loc":{"start":{"line":265,"column":4},"end":{"line":269,"column":5}},"type":"if","locations":[{"start":{"line":265,"column":4},"end":{"line":269,"column":5}},{"start":{},"end":{}}],"line":265},"38":{"loc":{"start":{"line":291,"column":4},"end":{"line":293,"column":5}},"type":"if","locations":[{"start":{"line":291,"column":4},"end":{"line":293,"column":5}},{"start":{},"end":{}}],"line":291},"39":{"loc":{"start":{"line":295,"column":4},"end":{"line":299,"column":5}},"type":"if","locations":[{"start":{"line":295,"column":4},"end":{"line":299,"column":5}},{"start":{},"end":{}}],"line":295},"40":{"loc":{"start":{"line":301,"column":4},"end":{"line":303,"column":5}},"type":"if","locations":[{"start":{"line":301,"column":4},"end":{"line":303,"column":5}},{"start":{},"end":{}}],"line":301},"41":{"loc":{"start":{"line":305,"column":4},"end":{"line":307,"column":5}},"type":"if","locations":[{"start":{"line":305,"column":4},"end":{"line":307,"column":5}},{"start":{},"end":{}}],"line":305},"42":{"loc":{"start":{"line":309,"column":4},"end":{"line":311,"column":5}},"type":"if","locations":[{"start":{"line":309,"column":4},"end":{"line":311,"column":5}},{"start":{},"end":{}}],"line":309},"43":{"loc":{"start":{"line":313,"column":4},"end":{"line":315,"column":5}},"type":"if","locations":[{"start":{"line":313,"column":4},"end":{"line":315,"column":5}},{"start":{},"end":{}}],"line":313},"44":{"loc":{"start":{"line":313,"column":8},"end":{"line":313,"column":53}},"type":"binary-expr","locations":[{"start":{"line":313,"column":8},"end":{"line":313,"column":31}},{"start":{"line":313,"column":35},"end":{"line":313,"column":53}}],"line":313},"45":{"loc":{"start":{"line":317,"column":4},"end":{"line":319,"column":5}},"type":"if","locations":[{"start":{"line":317,"column":4},"end":{"line":319,"column":5}},{"start":{},"end":{}}],"line":317},"46":{"loc":{"start":{"line":321,"column":4},"end":{"line":323,"column":5}},"type":"if","locations":[{"start":{"line":321,"column":4},"end":{"line":323,"column":5}},{"start":{},"end":{}}],"line":321},"47":{"loc":{"start":{"line":327,"column":21},"end":{"line":327,"column":68}},"type":"cond-expr","locations":[{"start":{"line":327,"column":47},"end":{"line":327,"column":63}},{"start":{"line":327,"column":66},"end":{"line":327,"column":68}}],"line":327},"48":{"loc":{"start":{"line":330,"column":15},"end":{"line":330,"column":32}},"type":"binary-expr","locations":[{"start":{"line":330,"column":15},"end":{"line":330,"column":26}},{"start":{"line":330,"column":30},"end":{"line":330,"column":32}}],"line":330},"49":{"loc":{"start":{"line":341,"column":16},"end":{"line":341,"column":39}},"type":"binary-expr","locations":[{"start":{"line":341,"column":16},"end":{"line":341,"column":27}},{"start":{"line":341,"column":31},"end":{"line":341,"column":39}}],"line":341},"50":{"loc":{"start":{"line":342,"column":16},"end":{"line":342,"column":33}},"type":"binary-expr","locations":[{"start":{"line":342,"column":16},"end":{"line":342,"column":27}},{"start":{"line":342,"column":31},"end":{"line":342,"column":33}}],"line":342},"51":{"loc":{"start":{"line":343,"column":19},"end":{"line":343,"column":39}},"type":"binary-expr","locations":[{"start":{"line":343,"column":19},"end":{"line":343,"column":33}},{"start":{"line":343,"column":37},"end":{"line":343,"column":39}}],"line":343},"52":{"loc":{"start":{"line":344,"column":13},"end":{"line":344,"column":27}},"type":"binary-expr","locations":[{"start":{"line":344,"column":13},"end":{"line":344,"column":21}},{"start":{"line":344,"column":25},"end":{"line":344,"column":27}}],"line":344},"53":{"loc":{"start":{"line":345,"column":18},"end":{"line":345,"column":37}},"type":"binary-expr","locations":[{"start":{"line":345,"column":18},"end":{"line":345,"column":31}},{"start":{"line":345,"column":35},"end":{"line":345,"column":37}}],"line":345},"54":{"loc":{"start":{"line":346,"column":13},"end":{"line":346,"column":27}},"type":"binary-expr","locations":[{"start":{"line":346,"column":13},"end":{"line":346,"column":21}},{"start":{"line":346,"column":25},"end":{"line":346,"column":27}}],"line":346}},"s":{"0":1,"1":1,"2":1,"3":1,"4":1,"5":1,"6":1,"7":1,"8":1,"9":1,"10":13,"11":13,"12":13,"13":13,"14":1,"15":12,"16":11,"17":11,"18":11,"19":1,"20":1,"21":15,"22":15,"23":15,"24":1,"25":14,"26":1,"27":13,"28":1,"29":12,"30":1,"31":11,"32":1,"33":10,"34":1,"35":9,"36":1,"37":8,"38":1,"39":7,"40":7,"41":7,"42":1,"43":6,"44":1,"45":5,"46":1,"47":4,"48":3,"49":1,"50":2,"51":2,"52":2,"53":2,"54":2,"55":1,"56":1,"57":1,"58":7,"59":7,"60":7,"61":1,"62":6,"63":1,"64":5,"65":5,"66":4,"67":1,"68":3,"69":1,"70":2,"71":2,"72":1,"73":1,"74":1,"75":1,"76":1,"77":1,"78":5,"79":5,"80":5,"81":1,"82":4,"83":4,"84":4,"85":1,"86":3,"87":1,"88":2,"89":2,"90":2,"91":2,"92":2,"93":2,"94":2,"95":1,"96":1,"97":1,"98":1,"99":8,"100":8,"101":8,"102":8,"103":1,"104":7,"105":1,"106":6,"107":1,"108":5,"109":1,"110":4,"111":4,"112":3,"113":1,"114":2,"115":1,"116":1,"117":1,"118":1,"119":1,"120":1,"121":1,"122":1,"123":1,"124":1,"125":11,"126":11,"127":11,"128":10,"129":1,"130":9,"131":1,"132":8,"133":1,"134":7,"135":1,"136":6,"137":1,"138":5,"139":1,"140":4,"141":1,"142":3,"143":1,"144":2,"145":2,"146":2,"147":2,"148":2,"149":2,"150":2,"151":2,"152":1,"153":1,"154":1},"f":{"0":13,"1":15,"2":7,"3":5,"4":8,"5":11},"b":{"0":[13,1],"1":[12,1],"2":[1,12],"3":[1,14],"4":[1,13],"5":[1,12],"6":[1,11],"7":[1,10],"8":[11,10],"9":[1,9],"10":[1,8],"11":[1,7],"12":[1,6],"13":[1,5],"14":[1,4],"15":[1,2],"16":[1,1],"17":[1,1],"18":[1,6],"19":[1,5],"20":[1,3],"21":[1,2],"22":[1,1],"23":[1,0],"24":[1,0],"25":[1,1],"26":[1,0],"27":[1,0],"28":[1,0],"29":[1,4],"30":[1,3],"31":[1,2],"32":[1,7],"33":[1,6],"34":[1,5],"35":[1,4],"36":[1,2],"37":[1,1],"38":[1,9],"39":[1,8],"40":[1,7],"41":[1,6],"42":[1,5],"43":[1,4],"44":[5,4],"45":[1,3],"46":[1,2],"47":[1,1],"48":[2,1],"49":[2,0],"50":[2,0],"51":[2,1],"52":[2,0],"53":[2,0],"54":[2,1]},"_coverageSchema":"1a1c01bbd47fc00a2c39e90264f33305004495a9","hash":"b80198a475a7130b463eee8d33bcd7631496fb40"}
,"D:\\DATN\\CodeGd1\\server\\routes\\forumRoutes.js": {"path":"D:\\DATN\\CodeGd1\\server\\routes\\forumRoutes.js","statementMap":{"0":{"start":{"line":1,"column":16},"end":{"line":1,"column":34}},"1":{"start":{"line":2,"column":12},"end":{"line":2,"column":35}},"2":{"start":{"line":4,"column":13},"end":{"line":4,"column":38}},"3":{"start":{"line":5,"column":18},"end":{"line":5,"column":48}},"4":{"start":{"line":6,"column":21},"end":{"line":6,"column":54}},"5":{"start":{"line":8,"column":15},"end":{"line":8,"column":31}},"6":{"start":{"line":9,"column":19},"end":{"line":9,"column":41}},"7":{"start":{"line":14,"column":23},"end":{"line":36,"column":1}},"8":{"start":{"line":15,"column":2},"end":{"line":35,"column":3}},"9":{"start":{"line":16,"column":23},"end":{"line":16,"column":54}},"10":{"start":{"line":17,"column":18},"end":{"line":17,"column":79}},"11":{"start":{"line":19,"column":4},"end":{"line":21,"column":5}},"12":{"start":{"line":20,"column":6},"end":{"line":20,"column":70}},"13":{"start":{"line":23,"column":20},"end":{"line":23,"column":49}},"14":{"start":{"line":24,"column":17},"end":{"line":24,"column":72}},"15":{"start":{"line":26,"column":4},"end":{"line":28,"column":5}},"16":{"start":{"line":27,"column":6},"end":{"line":27,"column":75}},"17":{"start":{"line":30,"column":4},"end":{"line":30,"column":20}},"18":{"start":{"line":31,"column":4},"end":{"line":31,"column":11}},"19":{"start":{"line":33,"column":4},"end":{"line":33,"column":47}},"20":{"start":{"line":34,"column":4},"end":{"line":34,"column":84}},"21":{"start":{"line":38,"column":24},"end":{"line":44,"column":1}},"22":{"start":{"line":39,"column":2},"end":{"line":41,"column":3}},"23":{"start":{"line":40,"column":4},"end":{"line":40,"column":83}},"24":{"start":{"line":43,"column":2},"end":{"line":43,"column":9}},"25":{"start":{"line":49,"column":27},"end":{"line":65,"column":1}},"26":{"start":{"line":50,"column":14},"end":{"line":50,"column":24}},"27":{"start":{"line":51,"column":17},"end":{"line":51,"column":37}},"28":{"start":{"line":52,"column":18},"end":{"line":52,"column":44}},"29":{"start":{"line":54,"column":2},"end":{"line":54,"column":37}},"30":{"start":{"line":54,"column":19},"end":{"line":54,"column":37}},"31":{"start":{"line":55,"column":2},"end":{"line":55,"column":51}},"32":{"start":{"line":55,"column":20},"end":{"line":55,"column":51}},"33":{"start":{"line":57,"column":19},"end":{"line":57,"column":43}},"34":{"start":{"line":58,"column":2},"end":{"line":58,"column":52}},"35":{"start":{"line":58,"column":21},"end":{"line":58,"column":52}},"36":{"start":{"line":60,"column":18},"end":{"line":60,"column":43}},"37":{"start":{"line":61,"column":2},"end":{"line":61,"column":38}},"38":{"start":{"line":61,"column":21},"end":{"line":61,"column":38}},"39":{"start":{"line":62,"column":2},"end":{"line":62,"column":50}},"40":{"start":{"line":62,"column":19},"end":{"line":62,"column":50}},"41":{"start":{"line":64,"column":2},"end":{"line":64,"column":52}},"42":{"start":{"line":67,"column":23},"end":{"line":76,"column":1}},"43":{"start":{"line":68,"column":2},"end":{"line":75,"column":5}},"44":{"start":{"line":78,"column":23},"end":{"line":82,"column":1}},"45":{"start":{"line":79,"column":2},"end":{"line":79,"column":50}},"46":{"start":{"line":79,"column":26},"end":{"line":79,"column":50}},"47":{"start":{"line":80,"column":2},"end":{"line":80,"column":47}},"48":{"start":{"line":80,"column":24},"end":{"line":80,"column":47}},"49":{"start":{"line":81,"column":2},"end":{"line":81,"column":23}},"50":{"start":{"line":84,"column":26},"end":{"line":101,"column":2}},"51":{"start":{"line":84,"column":55},"end":{"line":101,"column":1}},"52":{"start":{"line":103,"column":24},"end":{"line":121,"column":2}},"53":{"start":{"line":103,"column":53},"end":{"line":121,"column":1}},"54":{"start":{"line":123,"column":27},"end":{"line":146,"column":2}},"55":{"start":{"line":123,"column":56},"end":{"line":146,"column":1}},"56":{"start":{"line":148,"column":24},"end":{"line":170,"column":2}},"57":{"start":{"line":148,"column":53},"end":{"line":170,"column":1}},"58":{"start":{"line":177,"column":0},"end":{"line":231,"column":3}},"59":{"start":{"line":178,"column":2},"end":{"line":230,"column":3}},"60":{"start":{"line":179,"column":35},"end":{"line":179,"column":44}},"61":{"start":{"line":181,"column":28},"end":{"line":181,"column":78}},"62":{"start":{"line":182,"column":4},"end":{"line":184,"column":5}},"63":{"start":{"line":183,"column":6},"end":{"line":183,"column":84}},"64":{"start":{"line":186,"column":18},"end":{"line":186,"column":52}},"65":{"start":{"line":188,"column":18},"end":{"line":190,"column":13}},"66":{"start":{"line":192,"column":20},"end":{"line":192,"column":49}},"67":{"start":{"line":192,"column":40},"end":{"line":192,"column":48}},"68":{"start":{"line":194,"column":26},"end":{"line":207,"column":6}},"69":{"start":{"line":209,"column":28},"end":{"line":209,"column":30}},"70":{"start":{"line":210,"column":4},"end":{"line":212,"column":7}},"71":{"start":{"line":211,"column":6},"end":{"line":211,"column":53}},"72":{"start":{"line":214,"column":19},"end":{"line":219,"column":5}},"73":{"start":{"line":221,"column":4},"end":{"line":226,"column":7}},"74":{"start":{"line":223,"column":8},"end":{"line":223,"column":72}},"75":{"start":{"line":228,"column":4},"end":{"line":228,"column":58}},"76":{"start":{"line":229,"column":4},"end":{"line":229,"column":89}},"77":{"start":{"line":233,"column":0},"end":{"line":255,"column":3}},"78":{"start":{"line":234,"column":2},"end":{"line":254,"column":3}},"79":{"start":{"line":235,"column":23},"end":{"line":235,"column":33}},"80":{"start":{"line":237,"column":17},"end":{"line":237,"column":56}},"81":{"start":{"line":239,"column":4},"end":{"line":241,"column":5}},"82":{"start":{"line":240,"column":6},"end":{"line":240,"column":75}},"83":{"start":{"line":243,"column":25},"end":{"line":246,"column":6}},"84":{"start":{"line":248,"column":4},"end":{"line":250,"column":7}},"85":{"start":{"line":252,"column":4},"end":{"line":252,"column":64}},"86":{"start":{"line":253,"column":4},"end":{"line":253,"column":88}},"87":{"start":{"line":257,"column":0},"end":{"line":282,"column":3}},"88":{"start":{"line":258,"column":2},"end":{"line":281,"column":3}},"89":{"start":{"line":259,"column":23},"end":{"line":259,"column":33}},"90":{"start":{"line":261,"column":17},"end":{"line":261,"column":49}},"91":{"start":{"line":263,"column":4},"end":{"line":265,"column":5}},"92":{"start":{"line":264,"column":6},"end":{"line":264,"column":85}},"93":{"start":{"line":267,"column":4},"end":{"line":267,"column":27}},"94":{"start":{"line":268,"column":4},"end":{"line":268,"column":29}},"95":{"start":{"line":269,"column":4},"end":{"line":269,"column":35}},"96":{"start":{"line":270,"column":4},"end":{"line":270,"column":33}},"97":{"start":{"line":272,"column":4},"end":{"line":272,"column":22}},"98":{"start":{"line":274,"column":4},"end":{"line":277,"column":7}},"99":{"start":{"line":279,"column":4},"end":{"line":279,"column":55}},"100":{"start":{"line":280,"column":4},"end":{"line":280,"column":72}},"101":{"start":{"line":284,"column":0},"end":{"line":310,"column":3}},"102":{"start":{"line":285,"column":2},"end":{"line":309,"column":3}},"103":{"start":{"line":286,"column":23},"end":{"line":286,"column":33}},"104":{"start":{"line":287,"column":23},"end":{"line":287,"column":31}},"105":{"start":{"line":289,"column":17},"end":{"line":289,"column":49}},"106":{"start":{"line":291,"column":4},"end":{"line":293,"column":5}},"107":{"start":{"line":292,"column":6},"end":{"line":292,"column":87}},"108":{"start":{"line":295,"column":4},"end":{"line":295,"column":29}},"109":{"start":{"line":296,"column":4},"end":{"line":296,"column":82}},"110":{"start":{"line":297,"column":4},"end":{"line":297,"column":35}},"111":{"start":{"line":298,"column":4},"end":{"line":298,"column":33}},"112":{"start":{"line":300,"column":4},"end":{"line":300,"column":22}},"113":{"start":{"line":302,"column":4},"end":{"line":305,"column":7}},"114":{"start":{"line":307,"column":4},"end":{"line":307,"column":54}},"115":{"start":{"line":308,"column":4},"end":{"line":308,"column":74}},"116":{"start":{"line":312,"column":0},"end":{"line":338,"column":3}},"117":{"start":{"line":313,"column":2},"end":{"line":337,"column":3}},"118":{"start":{"line":314,"column":23},"end":{"line":314,"column":33}},"119":{"start":{"line":315,"column":23},"end":{"line":315,"column":31}},"120":{"start":{"line":317,"column":17},"end":{"line":317,"column":49}},"121":{"start":{"line":319,"column":4},"end":{"line":321,"column":5}},"122":{"start":{"line":320,"column":6},"end":{"line":320,"column":82}},"123":{"start":{"line":323,"column":4},"end":{"line":323,"column":27}},"124":{"start":{"line":324,"column":4},"end":{"line":324,"column":85}},"125":{"start":{"line":325,"column":4},"end":{"line":325,"column":35}},"126":{"start":{"line":326,"column":4},"end":{"line":326,"column":33}},"127":{"start":{"line":328,"column":4},"end":{"line":328,"column":22}},"128":{"start":{"line":330,"column":4},"end":{"line":333,"column":7}},"129":{"start":{"line":335,"column":4},"end":{"line":335,"column":52}},"130":{"start":{"line":336,"column":4},"end":{"line":336,"column":69}},"131":{"start":{"line":347,"column":0},"end":{"line":429,"column":3}},"132":{"start":{"line":348,"column":2},"end":{"line":428,"column":3}},"133":{"start":{"line":349,"column":17},"end":{"line":349,"column":25}},"134":{"start":{"line":351,"column":4},"end":{"line":355,"column":5}},"135":{"start":{"line":352,"column":6},"end":{"line":354,"column":9}},"136":{"start":{"line":357,"column":31},"end":{"line":357,"column":40}},"137":{"start":{"line":359,"column":28},"end":{"line":359,"column":78}},"138":{"start":{"line":361,"column":4},"end":{"line":365,"column":5}},"139":{"start":{"line":362,"column":6},"end":{"line":364,"column":9}},"140":{"start":{"line":367,"column":22},"end":{"line":369,"column":5}},"141":{"start":{"line":371,"column":18},"end":{"line":376,"column":9}},"142":{"start":{"line":378,"column":18},"end":{"line":380,"column":13}},"143":{"start":{"line":382,"column":20},"end":{"line":382,"column":49}},"144":{"start":{"line":382,"column":40},"end":{"line":382,"column":48}},"145":{"start":{"line":384,"column":26},"end":{"line":397,"column":6}},"146":{"start":{"line":399,"column":28},"end":{"line":399,"column":30}},"147":{"start":{"line":400,"column":4},"end":{"line":402,"column":7}},"148":{"start":{"line":401,"column":6},"end":{"line":401,"column":53}},"149":{"start":{"line":404,"column":48},"end":{"line":409,"column":6}},"150":{"start":{"line":411,"column":4},"end":{"line":422,"column":7}},"151":{"start":{"line":413,"column":8},"end":{"line":413,"column":69}},"152":{"start":{"line":424,"column":4},"end":{"line":424,"column":55}},"153":{"start":{"line":425,"column":4},"end":{"line":427,"column":7}},"154":{"start":{"line":431,"column":0},"end":{"line":468,"column":3}},"155":{"start":{"line":432,"column":2},"end":{"line":467,"column":3}},"156":{"start":{"line":433,"column":17},"end":{"line":433,"column":25}},"157":{"start":{"line":435,"column":4},"end":{"line":439,"column":5}},"158":{"start":{"line":436,"column":6},"end":{"line":438,"column":9}},"159":{"start":{"line":441,"column":23},"end":{"line":441,"column":33}},"160":{"start":{"line":443,"column":17},"end":{"line":446,"column":13}},"161":{"start":{"line":448,"column":4},"end":{"line":452,"column":5}},"162":{"start":{"line":449,"column":6},"end":{"line":451,"column":9}},"163":{"start":{"line":454,"column":25},"end":{"line":457,"column":6}},"164":{"start":{"line":459,"column":4},"end":{"line":461,"column":7}},"165":{"start":{"line":463,"column":4},"end":{"line":463,"column":61}},"166":{"start":{"line":464,"column":4},"end":{"line":466,"column":7}},"167":{"start":{"line":475,"column":0},"end":{"line":512,"column":3}},"168":{"start":{"line":476,"column":2},"end":{"line":511,"column":3}},"169":{"start":{"line":477,"column":18},"end":{"line":479,"column":13}},"170":{"start":{"line":481,"column":20},"end":{"line":481,"column":49}},"171":{"start":{"line":481,"column":40},"end":{"line":481,"column":48}},"172":{"start":{"line":483,"column":26},"end":{"line":496,"column":6}},"173":{"start":{"line":498,"column":28},"end":{"line":498,"column":30}},"174":{"start":{"line":499,"column":4},"end":{"line":501,"column":7}},"175":{"start":{"line":500,"column":6},"end":{"line":500,"column":53}},"176":{"start":{"line":503,"column":4},"end":{"line":507,"column":7}},"177":{"start":{"line":505,"column":8},"end":{"line":505,"column":71}},"178":{"start":{"line":509,"column":4},"end":{"line":509,"column":52}},"179":{"start":{"line":510,"column":4},"end":{"line":510,"column":86}},"180":{"start":{"line":515,"column":0},"end":{"line":556,"column":3}},"181":{"start":{"line":516,"column":2},"end":{"line":555,"column":3}},"182":{"start":{"line":517,"column":17},"end":{"line":517,"column":25}},"183":{"start":{"line":519,"column":4},"end":{"line":521,"column":5}},"184":{"start":{"line":520,"column":6},"end":{"line":520,"column":89}},"185":{"start":{"line":523,"column":57},"end":{"line":523,"column":65}},"186":{"start":{"line":525,"column":4},"end":{"line":527,"column":5}},"187":{"start":{"line":526,"column":6},"end":{"line":526,"column":82}},"188":{"start":{"line":529,"column":4},"end":{"line":531,"column":5}},"189":{"start":{"line":530,"column":6},"end":{"line":530,"column":83}},"190":{"start":{"line":533,"column":20},"end":{"line":543,"column":6}},"191":{"start":{"line":545,"column":4},"end":{"line":551,"column":7}},"192":{"start":{"line":553,"column":4},"end":{"line":553,"column":54}},"193":{"start":{"line":554,"column":4},"end":{"line":554,"column":76}},"194":{"start":{"line":559,"column":0},"end":{"line":587,"column":3}},"195":{"start":{"line":560,"column":2},"end":{"line":586,"column":3}},"196":{"start":{"line":561,"column":23},"end":{"line":561,"column":33}},"197":{"start":{"line":563,"column":17},"end":{"line":566,"column":6}},"198":{"start":{"line":568,"column":4},"end":{"line":570,"column":5}},"199":{"start":{"line":569,"column":6},"end":{"line":569,"column":81}},"200":{"start":{"line":572,"column":4},"end":{"line":572,"column":53}},"201":{"start":{"line":573,"column":4},"end":{"line":573,"column":22}},"202":{"start":{"line":575,"column":25},"end":{"line":578,"column":6}},"203":{"start":{"line":580,"column":4},"end":{"line":582,"column":7}},"204":{"start":{"line":584,"column":4},"end":{"line":584,"column":58}},"205":{"start":{"line":585,"column":4},"end":{"line":585,"column":85}},"206":{"start":{"line":594,"column":0},"end":{"line":633,"column":3}},"207":{"start":{"line":595,"column":2},"end":{"line":632,"column":3}},"208":{"start":{"line":596,"column":23},"end":{"line":596,"column":33}},"209":{"start":{"line":598,"column":17},"end":{"line":601,"column":13}},"210":{"start":{"line":603,"column":4},"end":{"line":605,"column":5}},"211":{"start":{"line":604,"column":6},"end":{"line":604,"column":81}},"212":{"start":{"line":607,"column":21},"end":{"line":612,"column":13}},"213":{"start":{"line":614,"column":4},"end":{"line":628,"column":7}},"214":{"start":{"line":615,"column":43},"end":{"line":627,"column":7}},"215":{"start":{"line":630,"column":4},"end":{"line":630,"column":55}},"216":{"start":{"line":631,"column":4},"end":{"line":631,"column":77}},"217":{"start":{"line":636,"column":0},"end":{"line":684,"column":3}},"218":{"start":{"line":637,"column":2},"end":{"line":683,"column":3}},"219":{"start":{"line":638,"column":23},"end":{"line":638,"column":33}},"220":{"start":{"line":639,"column":17},"end":{"line":639,"column":25}},"221":{"start":{"line":640,"column":41},"end":{"line":640,"column":49}},"222":{"start":{"line":642,"column":17},"end":{"line":645,"column":13}},"223":{"start":{"line":647,"column":4},"end":{"line":649,"column":5}},"224":{"start":{"line":648,"column":6},"end":{"line":648,"column":81}},"225":{"start":{"line":651,"column":4},"end":{"line":653,"column":5}},"226":{"start":{"line":652,"column":6},"end":{"line":652,"column":84}},"227":{"start":{"line":655,"column":23},"end":{"line":662,"column":6}},"228":{"start":{"line":664,"column":4},"end":{"line":679,"column":7}},"229":{"start":{"line":681,"column":4},"end":{"line":681,"column":57}},"230":{"start":{"line":682,"column":4},"end":{"line":682,"column":77}},"231":{"start":{"line":686,"column":0},"end":{"line":686,"column":24}}},"fnMap":{"0":{"name":"(anonymous_0)","decl":{"start":{"line":14,"column":23},"end":{"line":14,"column":24}},"loc":{"start":{"line":14,"column":49},"end":{"line":36,"column":1}},"line":14},"1":{"name":"(anonymous_1)","decl":{"start":{"line":38,"column":24},"end":{"line":38,"column":25}},"loc":{"start":{"line":38,"column":44},"end":{"line":44,"column":1}},"line":38},"2":{"name":"(anonymous_2)","decl":{"start":{"line":49,"column":27},"end":{"line":49,"column":28}},"loc":{"start":{"line":49,"column":37},"end":{"line":65,"column":1}},"line":49},"3":{"name":"(anonymous_3)","decl":{"start":{"line":67,"column":23},"end":{"line":67,"column":24}},"loc":{"start":{"line":67,"column":33},"end":{"line":76,"column":1}},"line":67},"4":{"name":"(anonymous_4)","decl":{"start":{"line":78,"column":23},"end":{"line":78,"column":24}},"loc":{"start":{"line":78,"column":33},"end":{"line":82,"column":1}},"line":78},"5":{"name":"(anonymous_5)","decl":{"start":{"line":84,"column":26},"end":{"line":84,"column":27}},"loc":{"start":{"line":84,"column":55},"end":{"line":101,"column":1}},"line":84},"6":{"name":"(anonymous_6)","decl":{"start":{"line":103,"column":24},"end":{"line":103,"column":25}},"loc":{"start":{"line":103,"column":53},"end":{"line":121,"column":1}},"line":103},"7":{"name":"(anonymous_7)","decl":{"start":{"line":123,"column":27},"end":{"line":123,"column":28}},"loc":{"start":{"line":123,"column":56},"end":{"line":146,"column":1}},"line":123},"8":{"name":"(anonymous_8)","decl":{"start":{"line":148,"column":24},"end":{"line":148,"column":25}},"loc":{"start":{"line":148,"column":53},"end":{"line":170,"column":1}},"line":148},"9":{"name":"(anonymous_9)","decl":{"start":{"line":177,"column":60},"end":{"line":177,"column":61}},"loc":{"start":{"line":177,"column":80},"end":{"line":231,"column":1}},"line":177},"10":{"name":"(anonymous_10)","decl":{"start":{"line":192,"column":30},"end":{"line":192,"column":31}},"loc":{"start":{"line":192,"column":40},"end":{"line":192,"column":48}},"line":192},"11":{"name":"(anonymous_11)","decl":{"start":{"line":210,"column":26},"end":{"line":210,"column":27}},"loc":{"start":{"line":210,"column":36},"end":{"line":212,"column":5}},"line":210},"12":{"name":"(anonymous_12)","decl":{"start":{"line":222,"column":23},"end":{"line":222,"column":24}},"loc":{"start":{"line":223,"column":8},"end":{"line":223,"column":72}},"line":223},"13":{"name":"(anonymous_13)","decl":{"start":{"line":233,"column":68},"end":{"line":233,"column":69}},"loc":{"start":{"line":233,"column":88},"end":{"line":255,"column":1}},"line":233},"14":{"name":"(anonymous_14)","decl":{"start":{"line":257,"column":78},"end":{"line":257,"column":79}},"loc":{"start":{"line":257,"column":98},"end":{"line":282,"column":1}},"line":257},"15":{"name":"(anonymous_15)","decl":{"start":{"line":284,"column":77},"end":{"line":284,"column":78}},"loc":{"start":{"line":284,"column":97},"end":{"line":310,"column":1}},"line":284},"16":{"name":"(anonymous_16)","decl":{"start":{"line":312,"column":75},"end":{"line":312,"column":76}},"loc":{"start":{"line":312,"column":95},"end":{"line":338,"column":1}},"line":312},"17":{"name":"(anonymous_17)","decl":{"start":{"line":347,"column":40},"end":{"line":347,"column":41}},"loc":{"start":{"line":347,"column":60},"end":{"line":429,"column":1}},"line":347},"18":{"name":"(anonymous_18)","decl":{"start":{"line":382,"column":30},"end":{"line":382,"column":31}},"loc":{"start":{"line":382,"column":40},"end":{"line":382,"column":48}},"line":382},"19":{"name":"(anonymous_19)","decl":{"start":{"line":400,"column":26},"end":{"line":400,"column":27}},"loc":{"start":{"line":400,"column":36},"end":{"line":402,"column":5}},"line":400},"20":{"name":"(anonymous_20)","decl":{"start":{"line":412,"column":23},"end":{"line":412,"column":24}},"loc":{"start":{"line":413,"column":8},"end":{"line":413,"column":69}},"line":413},"21":{"name":"(anonymous_21)","decl":{"start":{"line":431,"column":48},"end":{"line":431,"column":49}},"loc":{"start":{"line":431,"column":68},"end":{"line":468,"column":1}},"line":431},"22":{"name":"(anonymous_22)","decl":{"start":{"line":475,"column":37},"end":{"line":475,"column":38}},"loc":{"start":{"line":475,"column":57},"end":{"line":512,"column":1}},"line":475},"23":{"name":"(anonymous_23)","decl":{"start":{"line":481,"column":30},"end":{"line":481,"column":31}},"loc":{"start":{"line":481,"column":40},"end":{"line":481,"column":48}},"line":481},"24":{"name":"(anonymous_24)","decl":{"start":{"line":499,"column":26},"end":{"line":499,"column":27}},"loc":{"start":{"line":499,"column":36},"end":{"line":501,"column":5}},"line":499},"25":{"name":"(anonymous_25)","decl":{"start":{"line":504,"column":23},"end":{"line":504,"column":24}},"loc":{"start":{"line":505,"column":8},"end":{"line":505,"column":71}},"line":505},"26":{"name":"(anonymous_26)","decl":{"start":{"line":515,"column":38},"end":{"line":515,"column":39}},"loc":{"start":{"line":515,"column":58},"end":{"line":556,"column":1}},"line":515},"27":{"name":"(anonymous_27)","decl":{"start":{"line":559,"column":45},"end":{"line":559,"column":46}},"loc":{"start":{"line":559,"column":65},"end":{"line":587,"column":1}},"line":559},"28":{"name":"(anonymous_28)","decl":{"start":{"line":594,"column":54},"end":{"line":594,"column":55}},"loc":{"start":{"line":594,"column":74},"end":{"line":633,"column":1}},"line":594},"29":{"name":"(anonymous_29)","decl":{"start":{"line":615,"column":29},"end":{"line":615,"column":30}},"loc":{"start":{"line":615,"column":43},"end":{"line":627,"column":7}},"line":615},"30":{"name":"(anonymous_30)","decl":{"start":{"line":636,"column":55},"end":{"line":636,"column":56}},"loc":{"start":{"line":636,"column":75},"end":{"line":684,"column":1}},"line":636}},"branchMap":{"0":{"loc":{"start":{"line":16,"column":23},"end":{"line":16,"column":54}},"type":"binary-expr","locations":[{"start":{"line":16,"column":23},"end":{"line":16,"column":48}},{"start":{"line":16,"column":52},"end":{"line":16,"column":54}}],"line":16},"1":{"loc":{"start":{"line":17,"column":18},"end":{"line":17,"column":79}},"type":"cond-expr","locations":[{"start":{"line":17,"column":53},"end":{"line":17,"column":72}},{"start":{"line":17,"column":75},"end":{"line":17,"column":79}}],"line":17},"2":{"loc":{"start":{"line":19,"column":4},"end":{"line":21,"column":5}},"type":"if","locations":[{"start":{"line":19,"column":4},"end":{"line":21,"column":5}},{"start":{},"end":{}}],"line":19},"3":{"loc":{"start":{"line":26,"column":4},"end":{"line":28,"column":5}},"type":"if","locations":[{"start":{"line":26,"column":4},"end":{"line":28,"column":5}},{"start":{},"end":{}}],"line":26},"4":{"loc":{"start":{"line":39,"column":2},"end":{"line":41,"column":3}},"type":"if","locations":[{"start":{"line":39,"column":2},"end":{"line":41,"column":3}},{"start":{},"end":{}}],"line":39},"5":{"loc":{"start":{"line":54,"column":2},"end":{"line":54,"column":37}},"type":"if","locations":[{"start":{"line":54,"column":2},"end":{"line":54,"column":37}},{"start":{},"end":{}}],"line":54},"6":{"loc":{"start":{"line":55,"column":2},"end":{"line":55,"column":51}},"type":"if","locations":[{"start":{"line":55,"column":2},"end":{"line":55,"column":51}},{"start":{},"end":{}}],"line":55},"7":{"loc":{"start":{"line":58,"column":2},"end":{"line":58,"column":52}},"type":"if","locations":[{"start":{"line":58,"column":2},"end":{"line":58,"column":52}},{"start":{},"end":{}}],"line":58},"8":{"loc":{"start":{"line":61,"column":2},"end":{"line":61,"column":38}},"type":"if","locations":[{"start":{"line":61,"column":2},"end":{"line":61,"column":38}},{"start":{},"end":{}}],"line":61},"9":{"loc":{"start":{"line":62,"column":2},"end":{"line":62,"column":50}},"type":"if","locations":[{"start":{"line":62,"column":2},"end":{"line":62,"column":50}},{"start":{},"end":{}}],"line":62},"10":{"loc":{"start":{"line":79,"column":2},"end":{"line":79,"column":50}},"type":"if","locations":[{"start":{"line":79,"column":2},"end":{"line":79,"column":50}},{"start":{},"end":{}}],"line":79},"11":{"loc":{"start":{"line":80,"column":2},"end":{"line":80,"column":47}},"type":"if","locations":[{"start":{"line":80,"column":2},"end":{"line":80,"column":47}},{"start":{},"end":{}}],"line":80},"12":{"loc":{"start":{"line":84,"column":33},"end":{"line":84,"column":49}},"type":"default-arg","locations":[{"start":{"line":84,"column":48},"end":{"line":84,"column":49}}],"line":84},"13":{"loc":{"start":{"line":88,"column":11},"end":{"line":88,"column":60}},"type":"binary-expr","locations":[{"start":{"line":88,"column":11},"end":{"line":88,"column":23}},{"start":{"line":88,"column":27},"end":{"line":88,"column":54}},{"start":{"line":88,"column":58},"end":{"line":88,"column":60}}],"line":88},"14":{"loc":{"start":{"line":89,"column":11},"end":{"line":89,"column":29}},"type":"binary-expr","locations":[{"start":{"line":89,"column":11},"end":{"line":89,"column":23}},{"start":{"line":89,"column":27},"end":{"line":89,"column":29}}],"line":89},"15":{"loc":{"start":{"line":91,"column":4},"end":{"line":92,"column":99}},"type":"binary-expr","locations":[{"start":{"line":91,"column":4},"end":{"line":91,"column":14}},{"start":{"line":92,"column":4},"end":{"line":92,"column":99}}],"line":91},"16":{"loc":{"start":{"line":95,"column":10},"end":{"line":95,"column":58}},"type":"binary-expr","locations":[{"start":{"line":95,"column":10},"end":{"line":95,"column":51}},{"start":{"line":95,"column":55},"end":{"line":95,"column":58}}],"line":95},"17":{"loc":{"start":{"line":103,"column":31},"end":{"line":103,"column":47}},"type":"default-arg","locations":[{"start":{"line":103,"column":46},"end":{"line":103,"column":47}}],"line":103},"18":{"loc":{"start":{"line":107,"column":11},"end":{"line":107,"column":29}},"type":"binary-expr","locations":[{"start":{"line":107,"column":11},"end":{"line":107,"column":23}},{"start":{"line":107,"column":27},"end":{"line":107,"column":29}}],"line":107},"19":{"loc":{"start":{"line":108,"column":11},"end":{"line":108,"column":60}},"type":"binary-expr","locations":[{"start":{"line":108,"column":11},"end":{"line":108,"column":23}},{"start":{"line":108,"column":27},"end":{"line":108,"column":54}},{"start":{"line":108,"column":58},"end":{"line":108,"column":60}}],"line":108},"20":{"loc":{"start":{"line":109,"column":11},"end":{"line":109,"column":29}},"type":"binary-expr","locations":[{"start":{"line":109,"column":11},"end":{"line":109,"column":23}},{"start":{"line":109,"column":27},"end":{"line":109,"column":29}}],"line":109},"21":{"loc":{"start":{"line":110,"column":9},"end":{"line":110,"column":25}},"type":"binary-expr","locations":[{"start":{"line":110,"column":9},"end":{"line":110,"column":19}},{"start":{"line":110,"column":23},"end":{"line":110,"column":25}}],"line":110},"22":{"loc":{"start":{"line":113,"column":10},"end":{"line":113,"column":58}},"type":"binary-expr","locations":[{"start":{"line":113,"column":10},"end":{"line":113,"column":51}},{"start":{"line":113,"column":55},"end":{"line":113,"column":58}}],"line":113},"23":{"loc":{"start":{"line":119,"column":13},"end":{"line":119,"column":32}},"type":"binary-expr","locations":[{"start":{"line":119,"column":13},"end":{"line":119,"column":27}},{"start":{"line":119,"column":31},"end":{"line":119,"column":32}}],"line":119},"24":{"loc":{"start":{"line":123,"column":34},"end":{"line":123,"column":50}},"type":"default-arg","locations":[{"start":{"line":123,"column":49},"end":{"line":123,"column":50}}],"line":123},"25":{"loc":{"start":{"line":127,"column":11},"end":{"line":127,"column":29}},"type":"binary-expr","locations":[{"start":{"line":127,"column":11},"end":{"line":127,"column":23}},{"start":{"line":127,"column":27},"end":{"line":127,"column":29}}],"line":127},"26":{"loc":{"start":{"line":128,"column":11},"end":{"line":128,"column":60}},"type":"binary-expr","locations":[{"start":{"line":128,"column":11},"end":{"line":128,"column":23}},{"start":{"line":128,"column":27},"end":{"line":128,"column":54}},{"start":{"line":128,"column":58},"end":{"line":128,"column":60}}],"line":128},"27":{"loc":{"start":{"line":129,"column":11},"end":{"line":129,"column":29}},"type":"binary-expr","locations":[{"start":{"line":129,"column":11},"end":{"line":129,"column":23}},{"start":{"line":129,"column":27},"end":{"line":129,"column":29}}],"line":129},"28":{"loc":{"start":{"line":130,"column":9},"end":{"line":130,"column":25}},"type":"binary-expr","locations":[{"start":{"line":130,"column":9},"end":{"line":130,"column":19}},{"start":{"line":130,"column":23},"end":{"line":130,"column":25}}],"line":130},"29":{"loc":{"start":{"line":133,"column":10},"end":{"line":133,"column":58}},"type":"binary-expr","locations":[{"start":{"line":133,"column":10},"end":{"line":133,"column":51}},{"start":{"line":133,"column":55},"end":{"line":133,"column":58}}],"line":133},"30":{"loc":{"start":{"line":136,"column":18},"end":{"line":136,"column":43}},"type":"binary-expr","locations":[{"start":{"line":136,"column":18},"end":{"line":136,"column":37}},{"start":{"line":136,"column":41},"end":{"line":136,"column":43}}],"line":136},"31":{"loc":{"start":{"line":137,"column":14},"end":{"line":137,"column":37}},"type":"binary-expr","locations":[{"start":{"line":137,"column":14},"end":{"line":137,"column":29}},{"start":{"line":137,"column":33},"end":{"line":137,"column":37}}],"line":137},"32":{"loc":{"start":{"line":138,"column":14},"end":{"line":138,"column":37}},"type":"binary-expr","locations":[{"start":{"line":138,"column":14},"end":{"line":138,"column":29}},{"start":{"line":138,"column":33},"end":{"line":138,"column":37}}],"line":138},"33":{"loc":{"start":{"line":139,"column":13},"end":{"line":139,"column":32}},"type":"binary-expr","locations":[{"start":{"line":139,"column":13},"end":{"line":139,"column":27}},{"start":{"line":139,"column":31},"end":{"line":139,"column":32}}],"line":139},"34":{"loc":{"start":{"line":148,"column":31},"end":{"line":148,"column":47}},"type":"default-arg","locations":[{"start":{"line":148,"column":46},"end":{"line":148,"column":47}}],"line":148},"35":{"loc":{"start":{"line":152,"column":11},"end":{"line":152,"column":29}},"type":"binary-expr","locations":[{"start":{"line":152,"column":11},"end":{"line":152,"column":23}},{"start":{"line":152,"column":27},"end":{"line":152,"column":29}}],"line":152},"36":{"loc":{"start":{"line":153,"column":11},"end":{"line":153,"column":60}},"type":"binary-expr","locations":[{"start":{"line":153,"column":11},"end":{"line":153,"column":23}},{"start":{"line":153,"column":27},"end":{"line":153,"column":54}},{"start":{"line":153,"column":58},"end":{"line":153,"column":60}}],"line":153},"37":{"loc":{"start":{"line":154,"column":11},"end":{"line":154,"column":29}},"type":"binary-expr","locations":[{"start":{"line":154,"column":11},"end":{"line":154,"column":23}},{"start":{"line":154,"column":27},"end":{"line":154,"column":29}}],"line":154},"38":{"loc":{"start":{"line":155,"column":9},"end":{"line":155,"column":25}},"type":"binary-expr","locations":[{"start":{"line":155,"column":9},"end":{"line":155,"column":19}},{"start":{"line":155,"column":23},"end":{"line":155,"column":25}}],"line":155},"39":{"loc":{"start":{"line":158,"column":10},"end":{"line":158,"column":58}},"type":"binary-expr","locations":[{"start":{"line":158,"column":10},"end":{"line":158,"column":51}},{"start":{"line":158,"column":55},"end":{"line":158,"column":58}}],"line":158},"40":{"loc":{"start":{"line":160,"column":10},"end":{"line":160,"column":34}},"type":"binary-expr","locations":[{"start":{"line":160,"column":10},"end":{"line":160,"column":21}},{"start":{"line":160,"column":25},"end":{"line":160,"column":34}}],"line":160},"41":{"loc":{"start":{"line":161,"column":18},"end":{"line":161,"column":43}},"type":"binary-expr","locations":[{"start":{"line":161,"column":18},"end":{"line":161,"column":37}},{"start":{"line":161,"column":41},"end":{"line":161,"column":43}}],"line":161},"42":{"loc":{"start":{"line":162,"column":14},"end":{"line":162,"column":37}},"type":"binary-expr","locations":[{"start":{"line":162,"column":14},"end":{"line":162,"column":29}},{"start":{"line":162,"column":33},"end":{"line":162,"column":37}}],"line":162},"43":{"loc":{"start":{"line":163,"column":13},"end":{"line":163,"column":32}},"type":"binary-expr","locations":[{"start":{"line":163,"column":13},"end":{"line":163,"column":27}},{"start":{"line":163,"column":31},"end":{"line":163,"column":32}}],"line":163},"44":{"loc":{"start":{"line":179,"column":12},"end":{"line":179,"column":30}},"type":"default-arg","locations":[{"start":{"line":179,"column":21},"end":{"line":179,"column":30}}],"line":179},"45":{"loc":{"start":{"line":182,"column":4},"end":{"line":184,"column":5}},"type":"if","locations":[{"start":{"line":182,"column":4},"end":{"line":184,"column":5}},{"start":{},"end":{}}],"line":182},"46":{"loc":{"start":{"line":186,"column":18},"end":{"line":186,"column":52}},"type":"cond-expr","locations":[{"start":{"line":186,"column":37},"end":{"line":186,"column":39}},{"start":{"line":186,"column":42},"end":{"line":186,"column":52}}],"line":186},"47":{"loc":{"start":{"line":223,"column":33},"end":{"line":223,"column":71}},"type":"binary-expr","locations":[{"start":{"line":223,"column":33},"end":{"line":223,"column":66}},{"start":{"line":223,"column":70},"end":{"line":223,"column":71}}],"line":223},"48":{"loc":{"start":{"line":239,"column":4},"end":{"line":241,"column":5}},"type":"if","locations":[{"start":{"line":239,"column":4},"end":{"line":241,"column":5}},{"start":{},"end":{}}],"line":239},"49":{"loc":{"start":{"line":263,"column":4},"end":{"line":265,"column":5}},"type":"if","locations":[{"start":{"line":263,"column":4},"end":{"line":265,"column":5}},{"start":{},"end":{}}],"line":263},"50":{"loc":{"start":{"line":291,"column":4},"end":{"line":293,"column":5}},"type":"if","locations":[{"start":{"line":291,"column":4},"end":{"line":293,"column":5}},{"start":{},"end":{}}],"line":291},"51":{"loc":{"start":{"line":296,"column":26},"end":{"line":296,"column":81}},"type":"binary-expr","locations":[{"start":{"line":296,"column":26},"end":{"line":296,"column":40}},{"start":{"line":296,"column":44},"end":{"line":296,"column":81}}],"line":296},"52":{"loc":{"start":{"line":319,"column":4},"end":{"line":321,"column":5}},"type":"if","locations":[{"start":{"line":319,"column":4},"end":{"line":321,"column":5}},{"start":{},"end":{}}],"line":319},"53":{"loc":{"start":{"line":324,"column":26},"end":{"line":324,"column":84}},"type":"binary-expr","locations":[{"start":{"line":324,"column":26},"end":{"line":324,"column":40}},{"start":{"line":324,"column":44},"end":{"line":324,"column":84}}],"line":324},"54":{"loc":{"start":{"line":351,"column":4},"end":{"line":355,"column":5}},"type":"if","locations":[{"start":{"line":351,"column":4},"end":{"line":355,"column":5}},{"start":{},"end":{}}],"line":351},"55":{"loc":{"start":{"line":357,"column":12},"end":{"line":357,"column":26}},"type":"default-arg","locations":[{"start":{"line":357,"column":21},"end":{"line":357,"column":26}}],"line":357},"56":{"loc":{"start":{"line":361,"column":4},"end":{"line":365,"column":5}},"type":"if","locations":[{"start":{"line":361,"column":4},"end":{"line":365,"column":5}},{"start":{},"end":{}}],"line":361},"57":{"loc":{"start":{"line":371,"column":18},"end":{"line":376,"column":9}},"type":"cond-expr","locations":[{"start":{"line":372,"column":8},"end":{"line":372,"column":17}},{"start":{"line":373,"column":8},"end":{"line":376,"column":9}}],"line":371},"58":{"loc":{"start":{"line":413,"column":30},"end":{"line":413,"column":68}},"type":"binary-expr","locations":[{"start":{"line":413,"column":30},"end":{"line":413,"column":63}},{"start":{"line":413,"column":67},"end":{"line":413,"column":68}}],"line":413},"59":{"loc":{"start":{"line":435,"column":4},"end":{"line":439,"column":5}},"type":"if","locations":[{"start":{"line":435,"column":4},"end":{"line":439,"column":5}},{"start":{},"end":{}}],"line":435},"60":{"loc":{"start":{"line":448,"column":4},"end":{"line":452,"column":5}},"type":"if","locations":[{"start":{"line":448,"column":4},"end":{"line":452,"column":5}},{"start":{},"end":{}}],"line":448},"61":{"loc":{"start":{"line":505,"column":32},"end":{"line":505,"column":70}},"type":"binary-expr","locations":[{"start":{"line":505,"column":32},"end":{"line":505,"column":65}},{"start":{"line":505,"column":69},"end":{"line":505,"column":70}}],"line":505},"62":{"loc":{"start":{"line":519,"column":4},"end":{"line":521,"column":5}},"type":"if","locations":[{"start":{"line":519,"column":4},"end":{"line":521,"column":5}},{"start":{},"end":{}}],"line":519},"63":{"loc":{"start":{"line":519,"column":8},"end":{"line":519,"column":56}},"type":"binary-expr","locations":[{"start":{"line":519,"column":8},"end":{"line":519,"column":31}},{"start":{"line":519,"column":35},"end":{"line":519,"column":56}}],"line":519},"64":{"loc":{"start":{"line":525,"column":4},"end":{"line":527,"column":5}},"type":"if","locations":[{"start":{"line":525,"column":4},"end":{"line":527,"column":5}},{"start":{},"end":{}}],"line":525},"65":{"loc":{"start":{"line":529,"column":4},"end":{"line":531,"column":5}},"type":"if","locations":[{"start":{"line":529,"column":4},"end":{"line":531,"column":5}},{"start":{},"end":{}}],"line":529},"66":{"loc":{"start":{"line":536,"column":18},"end":{"line":536,"column":61}},"type":"cond-expr","locations":[{"start":{"line":536,"column":42},"end":{"line":536,"column":49}},{"start":{"line":536,"column":52},"end":{"line":536,"column":61}}],"line":536},"67":{"loc":{"start":{"line":537,"column":16},"end":{"line":537,"column":53}},"type":"binary-expr","locations":[{"start":{"line":537,"column":16},"end":{"line":537,"column":32}},{"start":{"line":537,"column":36},"end":{"line":537,"column":53}}],"line":537},"68":{"loc":{"start":{"line":539,"column":15},"end":{"line":539,"column":36}},"type":"binary-expr","locations":[{"start":{"line":539,"column":15},"end":{"line":539,"column":30}},{"start":{"line":539,"column":34},"end":{"line":539,"column":36}}],"line":539},"69":{"loc":{"start":{"line":541,"column":13},"end":{"line":541,"column":24}},"type":"binary-expr","locations":[{"start":{"line":541,"column":13},"end":{"line":541,"column":18}},{"start":{"line":541,"column":22},"end":{"line":541,"column":24}}],"line":541},"70":{"loc":{"start":{"line":542,"column":14},"end":{"line":542,"column":58}},"type":"cond-expr","locations":[{"start":{"line":542,"column":38},"end":{"line":542,"column":46}},{"start":{"line":542,"column":49},"end":{"line":542,"column":58}}],"line":542},"71":{"loc":{"start":{"line":547,"column":8},"end":{"line":549,"column":67}},"type":"cond-expr","locations":[{"start":{"line":548,"column":12},"end":{"line":548,"column":40}},{"start":{"line":549,"column":12},"end":{"line":549,"column":67}}],"line":547},"72":{"loc":{"start":{"line":568,"column":4},"end":{"line":570,"column":5}},"type":"if","locations":[{"start":{"line":568,"column":4},"end":{"line":570,"column":5}},{"start":{},"end":{}}],"line":568},"73":{"loc":{"start":{"line":572,"column":28},"end":{"line":572,"column":47}},"type":"binary-expr","locations":[{"start":{"line":572,"column":28},"end":{"line":572,"column":42}},{"start":{"line":572,"column":46},"end":{"line":572,"column":47}}],"line":572},"74":{"loc":{"start":{"line":603,"column":4},"end":{"line":605,"column":5}},"type":"if","locations":[{"start":{"line":603,"column":4},"end":{"line":605,"column":5}},{"start":{},"end":{}}],"line":603},"75":{"loc":{"start":{"line":621,"column":16},"end":{"line":621,"column":67}},"type":"binary-expr","locations":[{"start":{"line":621,"column":16},"end":{"line":621,"column":60}},{"start":{"line":621,"column":64},"end":{"line":621,"column":67}}],"line":621},"76":{"loc":{"start":{"line":624,"column":19},"end":{"line":624,"column":41}},"type":"binary-expr","locations":[{"start":{"line":624,"column":19},"end":{"line":624,"column":36}},{"start":{"line":624,"column":40},"end":{"line":624,"column":41}}],"line":624},"77":{"loc":{"start":{"line":647,"column":4},"end":{"line":649,"column":5}},"type":"if","locations":[{"start":{"line":647,"column":4},"end":{"line":649,"column":5}},{"start":{},"end":{}}],"line":647},"78":{"loc":{"start":{"line":651,"column":4},"end":{"line":653,"column":5}},"type":"if","locations":[{"start":{"line":651,"column":4},"end":{"line":653,"column":5}},{"start":{},"end":{}}],"line":651},"79":{"loc":{"start":{"line":661,"column":23},"end":{"line":661,"column":46}},"type":"binary-expr","locations":[{"start":{"line":661,"column":23},"end":{"line":661,"column":38}},{"start":{"line":661,"column":42},"end":{"line":661,"column":46}}],"line":661},"80":{"loc":{"start":{"line":672,"column":16},"end":{"line":672,"column":70}},"type":"binary-expr","locations":[{"start":{"line":672,"column":16},"end":{"line":672,"column":63}},{"start":{"line":672,"column":67},"end":{"line":672,"column":70}}],"line":672},"81":{"loc":{"start":{"line":675,"column":19},"end":{"line":675,"column":44}},"type":"binary-expr","locations":[{"start":{"line":675,"column":19},"end":{"line":675,"column":39}},{"start":{"line":675,"column":43},"end":{"line":675,"column":44}}],"line":675}},"s":{"0":1,"1":1,"2":1,"3":1,"4":1,"5":1,"6":1,"7":1,"8":51,"9":51,"10":51,"11":51,"12":1,"13":50,"14":49,"15":49,"16":1,"17":48,"18":48,"19":1,"20":1,"21":1,"22":19,"23":1,"24":18,"25":1,"26":18,"27":18,"28":18,"29":18,"30":18,"31":0,"32":0,"33":0,"34":0,"35":0,"36":0,"37":0,"38":0,"39":0,"40":0,"41":0,"42":1,"43":15,"44":1,"45":20,"46":17,"47":3,"48":1,"49":2,"50":1,"51":1,"52":1,"53":3,"54":1,"55":9,"56":1,"57":3,"58":1,"59":4,"60":4,"61":4,"62":4,"63":1,"64":3,"65":3,"66":2,"67":3,"68":2,"69":2,"70":2,"71":1,"72":2,"73":2,"74":3,"75":1,"76":1,"77":1,"78":3,"79":3,"80":3,"81":2,"82":1,"83":1,"84":1,"85":1,"86":1,"87":1,"88":3,"89":3,"90":3,"91":2,"92":1,"93":1,"94":1,"95":1,"96":1,"97":1,"98":1,"99":1,"100":1,"101":1,"102":4,"103":4,"104":4,"105":4,"106":3,"107":1,"108":2,"109":2,"110":2,"111":2,"112":2,"113":2,"114":1,"115":1,"116":1,"117":4,"118":4,"119":4,"120":4,"121":3,"122":1,"123":2,"124":2,"125":2,"126":2,"127":2,"128":2,"129":1,"130":1,"131":1,"132":5,"133":5,"134":5,"135":1,"136":4,"137":4,"138":4,"139":1,"140":3,"141":3,"142":3,"143":2,"144":2,"145":2,"146":2,"147":2,"148":1,"149":2,"150":2,"151":2,"152":1,"153":1,"154":1,"155":4,"156":4,"157":4,"158":1,"159":3,"160":3,"161":2,"162":1,"163":1,"164":1,"165":1,"166":1,"167":1,"168":3,"169":3,"170":2,"171":1,"172":2,"173":2,"174":2,"175":1,"176":2,"177":1,"178":1,"179":1,"180":1,"181":6,"182":6,"183":6,"184":1,"185":5,"186":5,"187":1,"188":4,"189":1,"190":3,"191":2,"192":1,"193":1,"194":1,"195":3,"196":3,"197":3,"198":2,"199":1,"200":1,"201":1,"202":1,"203":1,"204":1,"205":1,"206":1,"207":3,"208":3,"209":3,"210":2,"211":1,"212":1,"213":1,"214":2,"215":1,"216":1,"217":1,"218":5,"219":5,"220":5,"221":5,"222":5,"223":5,"224":1,"225":4,"226":1,"227":3,"228":2,"229":1,"230":1,"231":1},"f":{"0":51,"1":19,"2":18,"3":15,"4":20,"5":1,"6":3,"7":9,"8":3,"9":4,"10":3,"11":1,"12":3,"13":3,"14":3,"15":4,"16":4,"17":5,"18":2,"19":1,"20":2,"21":4,"22":3,"23":1,"24":1,"25":1,"26":6,"27":3,"28":3,"29":2,"30":5},"b":{"0":[51,1],"1":[50,1],"2":[1,50],"3":[1,48],"4":[1,18],"5":[18,0],"6":[0,0],"7":[0,0],"8":[0,0],"9":[0,0],"10":[17,3],"11":[1,2],"12":[0],"13":[1,0,0],"14":[1,0],"15":[1,1],"16":[1,0],"17":[0],"18":[3,0],"19":[3,0,0],"20":[3,0],"21":[3,3],"22":[3,0],"23":[3,2],"24":[0],"25":[9,0],"26":[9,0,0],"27":[9,0],"28":[9,9],"29":[9,0],"30":[9,5],"31":[9,4],"32":[9,4],"33":[9,9],"34":[0],"35":[3,0],"36":[3,0,0],"37":[3,0],"38":[3,3],"39":[3,0],"40":[3,0],"41":[3,2],"42":[3,3],"43":[3,3],"44":[1],"45":[1,3],"46":[1,2],"47":[3,2],"48":[1,1],"49":[1,1],"50":[1,2],"51":[2,1],"52":[1,2],"53":[2,1],"54":[1,4],"55":[2],"56":[1,3],"57":[2,1],"58":[2,1],"59":[1,3],"60":[1,1],"61":[1,0],"62":[1,5],"63":[6,2],"64":[1,4],"65":[1,3],"66":[1,2],"67":[3,1],"68":[3,2],"69":[3,3],"70":[1,2],"71":[1,1],"72":[1,1],"73":[1,0],"74":[1,1],"75":[2,0],"76":[2,2],"77":[1,4],"78":[1,3],"79":[3,2],"80":[2,0],"81":[2,2]},"_coverageSchema":"1a1c01bbd47fc00a2c39e90264f33305004495a9","hash":"b14116491310fe8bb0309f5c8c72da1283e4e6a9"}
,"D:\\DATN\\CodeGd1\\server\\routes\\quizRoutes.js": {"path":"D:\\DATN\\CodeGd1\\server\\routes\\quizRoutes.js","statementMap":{"0":{"start":{"line":1,"column":16},"end":{"line":1,"column":34}},"1":{"start":{"line":2,"column":15},"end":{"line":2,"column":31}},"2":{"start":{"line":3,"column":17},"end":{"line":3,"column":46}},"3":{"start":{"line":4,"column":22},"end":{"line":4,"column":56}},"4":{"start":{"line":6,"column":33},"end":{"line":18,"column":1}},"5":{"start":{"line":7,"column":18},"end":{"line":9,"column":8}},"6":{"start":{"line":8,"column":33},"end":{"line":8,"column":58}},"7":{"start":{"line":11,"column":2},"end":{"line":17,"column":4}},"8":{"start":{"line":20,"column":32},"end":{"line":38,"column":1}},"9":{"start":{"line":21,"column":2},"end":{"line":21,"column":51}},"10":{"start":{"line":21,"column":24},"end":{"line":21,"column":51}},"11":{"start":{"line":22,"column":2},"end":{"line":22,"column":63}},"12":{"start":{"line":22,"column":30},"end":{"line":22,"column":63}},"13":{"start":{"line":23,"column":2},"end":{"line":25,"column":3}},"14":{"start":{"line":24,"column":4},"end":{"line":24,"column":47}},"15":{"start":{"line":26,"column":2},"end":{"line":28,"column":3}},"16":{"start":{"line":26,"column":37},"end":{"line":26,"column":42}},"17":{"start":{"line":27,"column":4},"end":{"line":27,"column":45}},"18":{"start":{"line":29,"column":2},"end":{"line":35,"column":3}},"19":{"start":{"line":34,"column":4},"end":{"line":34,"column":39}},"20":{"start":{"line":37,"column":2},"end":{"line":37,"column":14}},"21":{"start":{"line":41,"column":0},"end":{"line":48,"column":3}},"22":{"start":{"line":42,"column":2},"end":{"line":47,"column":3}},"23":{"start":{"line":43,"column":22},"end":{"line":43,"column":76}},"24":{"start":{"line":44,"column":4},"end":{"line":44,"column":24}},"25":{"start":{"line":46,"column":4},"end":{"line":46,"column":51}},"26":{"start":{"line":51,"column":0},"end":{"line":65,"column":3}},"27":{"start":{"line":52,"column":2},"end":{"line":64,"column":3}},"28":{"start":{"line":53,"column":20},"end":{"line":53,"column":54}},"29":{"start":{"line":54,"column":28},"end":{"line":54,"column":60}},"30":{"start":{"line":56,"column":4},"end":{"line":58,"column":5}},"31":{"start":{"line":57,"column":6},"end":{"line":57,"column":62}},"32":{"start":{"line":60,"column":28},"end":{"line":60,"column":58}},"33":{"start":{"line":61,"column":4},"end":{"line":61,"column":42}},"34":{"start":{"line":63,"column":4},"end":{"line":63,"column":51}},"35":{"start":{"line":68,"column":0},"end":{"line":94,"column":3}},"36":{"start":{"line":69,"column":2},"end":{"line":93,"column":3}},"37":{"start":{"line":70,"column":20},"end":{"line":70,"column":54}},"38":{"start":{"line":71,"column":28},"end":{"line":71,"column":60}},"39":{"start":{"line":73,"column":4},"end":{"line":75,"column":5}},"40":{"start":{"line":74,"column":6},"end":{"line":74,"column":62}},"41":{"start":{"line":77,"column":28},"end":{"line":84,"column":5}},"42":{"start":{"line":86,"column":4},"end":{"line":88,"column":5}},"43":{"start":{"line":87,"column":6},"end":{"line":87,"column":85}},"44":{"start":{"line":90,"column":4},"end":{"line":90,"column":30}},"45":{"start":{"line":92,"column":4},"end":{"line":92,"column":51}},"46":{"start":{"line":97,"column":0},"end":{"line":112,"column":3}},"47":{"start":{"line":98,"column":2},"end":{"line":111,"column":3}},"48":{"start":{"line":99,"column":28},"end":{"line":99,"column":75}},"49":{"start":{"line":101,"column":4},"end":{"line":103,"column":5}},"50":{"start":{"line":102,"column":6},"end":{"line":102,"column":80}},"51":{"start":{"line":105,"column":4},"end":{"line":108,"column":7}},"52":{"start":{"line":110,"column":4},"end":{"line":110,"column":51}},"53":{"start":{"line":115,"column":0},"end":{"line":122,"column":3}},"54":{"start":{"line":116,"column":2},"end":{"line":121,"column":3}},"55":{"start":{"line":117,"column":22},"end":{"line":117,"column":73}},"56":{"start":{"line":118,"column":4},"end":{"line":118,"column":24}},"57":{"start":{"line":120,"column":4},"end":{"line":120,"column":51}},"58":{"start":{"line":125,"column":0},"end":{"line":132,"column":3}},"59":{"start":{"line":126,"column":2},"end":{"line":131,"column":3}},"60":{"start":{"line":127,"column":19},"end":{"line":127,"column":75}},"61":{"start":{"line":128,"column":4},"end":{"line":128,"column":21}},"62":{"start":{"line":130,"column":4},"end":{"line":130,"column":51}},"63":{"start":{"line":134,"column":0},"end":{"line":134,"column":24}}},"fnMap":{"0":{"name":"(anonymous_0)","decl":{"start":{"line":6,"column":33},"end":{"line":6,"column":34}},"loc":{"start":{"line":6,"column":43},"end":{"line":18,"column":1}},"line":6},"1":{"name":"(anonymous_1)","decl":{"start":{"line":8,"column":23},"end":{"line":8,"column":24}},"loc":{"start":{"line":8,"column":33},"end":{"line":8,"column":58}},"line":8},"2":{"name":"(anonymous_2)","decl":{"start":{"line":20,"column":32},"end":{"line":20,"column":33}},"loc":{"start":{"line":20,"column":45},"end":{"line":38,"column":1}},"line":20},"3":{"name":"(anonymous_3)","decl":{"start":{"line":26,"column":27},"end":{"line":26,"column":28}},"loc":{"start":{"line":26,"column":37},"end":{"line":26,"column":42}},"line":26},"4":{"name":"(anonymous_4)","decl":{"start":{"line":41,"column":25},"end":{"line":41,"column":26}},"loc":{"start":{"line":41,"column":45},"end":{"line":48,"column":1}},"line":41},"5":{"name":"(anonymous_5)","decl":{"start":{"line":51,"column":26},"end":{"line":51,"column":27}},"loc":{"start":{"line":51,"column":46},"end":{"line":65,"column":1}},"line":51},"6":{"name":"(anonymous_6)","decl":{"start":{"line":68,"column":29},"end":{"line":68,"column":30}},"loc":{"start":{"line":68,"column":49},"end":{"line":94,"column":1}},"line":68},"7":{"name":"(anonymous_7)","decl":{"start":{"line":97,"column":32},"end":{"line":97,"column":33}},"loc":{"start":{"line":97,"column":52},"end":{"line":112,"column":1}},"line":97},"8":{"name":"(anonymous_8)","decl":{"start":{"line":115,"column":28},"end":{"line":115,"column":29}},"loc":{"start":{"line":115,"column":48},"end":{"line":122,"column":1}},"line":115},"9":{"name":"(anonymous_9)","decl":{"start":{"line":125,"column":29},"end":{"line":125,"column":30}},"loc":{"start":{"line":125,"column":49},"end":{"line":132,"column":1}},"line":125}},"branchMap":{"0":{"loc":{"start":{"line":7,"column":18},"end":{"line":9,"column":8}},"type":"cond-expr","locations":[{"start":{"line":8,"column":6},"end":{"line":8,"column":59}},{"start":{"line":9,"column":6},"end":{"line":9,"column":8}}],"line":7},"1":{"loc":{"start":{"line":8,"column":40},"end":{"line":8,"column":50}},"type":"binary-expr","locations":[{"start":{"line":8,"column":40},"end":{"line":8,"column":44}},{"start":{"line":8,"column":48},"end":{"line":8,"column":50}}],"line":8},"2":{"loc":{"start":{"line":12,"column":20},"end":{"line":12,"column":38}},"type":"binary-expr","locations":[{"start":{"line":12,"column":20},"end":{"line":12,"column":32}},{"start":{"line":12,"column":36},"end":{"line":12,"column":38}}],"line":12},"3":{"loc":{"start":{"line":13,"column":26},"end":{"line":13,"column":50}},"type":"binary-expr","locations":[{"start":{"line":13,"column":26},"end":{"line":13,"column":44}},{"start":{"line":13,"column":48},"end":{"line":13,"column":50}}],"line":13},"4":{"loc":{"start":{"line":16,"column":24},"end":{"line":16,"column":46}},"type":"binary-expr","locations":[{"start":{"line":16,"column":24},"end":{"line":16,"column":40}},{"start":{"line":16,"column":44},"end":{"line":16,"column":46}}],"line":16},"5":{"loc":{"start":{"line":21,"column":2},"end":{"line":21,"column":51}},"type":"if","locations":[{"start":{"line":21,"column":2},"end":{"line":21,"column":51}},{"start":{},"end":{}}],"line":21},"6":{"loc":{"start":{"line":22,"column":2},"end":{"line":22,"column":63}},"type":"if","locations":[{"start":{"line":22,"column":2},"end":{"line":22,"column":63}},{"start":{},"end":{}}],"line":22},"7":{"loc":{"start":{"line":23,"column":2},"end":{"line":25,"column":3}},"type":"if","locations":[{"start":{"line":23,"column":2},"end":{"line":25,"column":3}},{"start":{},"end":{}}],"line":23},"8":{"loc":{"start":{"line":23,"column":6},"end":{"line":23,"column":67}},"type":"binary-expr","locations":[{"start":{"line":23,"column":6},"end":{"line":23,"column":37}},{"start":{"line":23,"column":41},"end":{"line":23,"column":67}}],"line":23},"9":{"loc":{"start":{"line":26,"column":2},"end":{"line":28,"column":3}},"type":"if","locations":[{"start":{"line":26,"column":2},"end":{"line":28,"column":3}},{"start":{},"end":{}}],"line":26},"10":{"loc":{"start":{"line":29,"column":2},"end":{"line":35,"column":3}},"type":"if","locations":[{"start":{"line":29,"column":2},"end":{"line":35,"column":3}},{"start":{},"end":{}}],"line":29},"11":{"loc":{"start":{"line":30,"column":4},"end":{"line":32,"column":51}},"type":"binary-expr","locations":[{"start":{"line":30,"column":4},"end":{"line":30,"column":39}},{"start":{"line":31,"column":4},"end":{"line":31,"column":29}},{"start":{"line":32,"column":4},"end":{"line":32,"column":51}}],"line":30},"12":{"loc":{"start":{"line":56,"column":4},"end":{"line":58,"column":5}},"type":"if","locations":[{"start":{"line":56,"column":4},"end":{"line":58,"column":5}},{"start":{},"end":{}}],"line":56},"13":{"loc":{"start":{"line":73,"column":4},"end":{"line":75,"column":5}},"type":"if","locations":[{"start":{"line":73,"column":4},"end":{"line":75,"column":5}},{"start":{},"end":{}}],"line":73},"14":{"loc":{"start":{"line":86,"column":4},"end":{"line":88,"column":5}},"type":"if","locations":[{"start":{"line":86,"column":4},"end":{"line":88,"column":5}},{"start":{},"end":{}}],"line":86},"15":{"loc":{"start":{"line":101,"column":4},"end":{"line":103,"column":5}},"type":"if","locations":[{"start":{"line":101,"column":4},"end":{"line":103,"column":5}},{"start":{},"end":{}}],"line":101}},"s":{"0":1,"1":1,"2":1,"3":1,"4":1,"5":13,"6":45,"7":13,"8":1,"9":13,"10":2,"11":11,"12":1,"13":10,"14":1,"15":9,"16":32,"17":1,"18":8,"19":2,"20":6,"21":1,"22":2,"23":2,"24":1,"25":1,"26":1,"27":9,"28":9,"29":9,"30":9,"31":6,"32":3,"33":2,"34":1,"35":1,"36":4,"37":4,"38":4,"39":4,"40":1,"41":3,"42":2,"43":1,"44":1,"45":1,"46":1,"47":3,"48":3,"49":2,"50":1,"51":1,"52":1,"53":1,"54":3,"55":3,"56":2,"57":1,"58":1,"59":3,"60":3,"61":2,"62":1,"63":1},"f":{"0":13,"1":45,"2":13,"3":32,"4":2,"5":9,"6":4,"7":3,"8":3,"9":3},"b":{"0":[13,0],"1":[45,1],"2":[13,2],"3":[13,1],"4":[13,10],"5":[2,11],"6":[1,10],"7":[1,9],"8":[10,10],"9":[1,8],"10":[2,6],"11":[8,8,7],"12":[6,3],"13":[1,3],"14":[1,1],"15":[1,1]},"_coverageSchema":"1a1c01bbd47fc00a2c39e90264f33305004495a9","hash":"f9417f6595d6e35b02aa2d897b62c4e65022c506"}
}
