TN:
SF:routes\authRoutes.js
FN:13,(anonymous_0)
FN:35,(anonymous_1)
FN:121,(anonymous_2)
FN:185,(anonymous_3)
FN:230,(anonymous_4)
FN:286,(anonymous_5)
FNF:6
FNH:6
FNDA:13,(anonymous_0)
FNDA:15,(anonymous_1)
FNDA:7,(anonymous_2)
FNDA:5,(anonymous_3)
FNDA:8,(anonymous_4)
FNDA:11,(anonymous_5)
DA:1,1
DA:2,1
DA:3,1
DA:4,1
DA:5,1
DA:7,1
DA:8,1
DA:10,1
DA:11,1
DA:13,1
DA:14,13
DA:15,13
DA:16,13
DA:20,13
DA:21,1
DA:24,12
DA:25,11
DA:26,11
DA:28,11
DA:30,1
DA:35,1
DA:36,15
DA:37,15
DA:39,15
DA:40,1
DA:43,14
DA:44,1
DA:47,13
DA:48,1
DA:51,12
DA:52,1
DA:55,11
DA:56,1
DA:59,10
DA:60,1
DA:63,9
DA:64,1
DA:67,8
DA:68,1
DA:71,7
DA:72,7
DA:74,7
DA:75,1
DA:78,6
DA:79,1
DA:82,5
DA:83,1
DA:89,4
DA:90,3
DA:91,1
DA:94,2
DA:95,2
DA:97,2
DA:109,2
DA:111,2
DA:115,1
DA:116,1
DA:121,1
DA:122,7
DA:123,7
DA:125,7
DA:126,1
DA:129,6
DA:130,1
DA:133,5
DA:135,5
DA:136,4
DA:137,1
DA:140,3
DA:141,1
DA:147,2
DA:148,2
DA:149,1
DA:152,1
DA:162,1
DA:179,1
DA:180,1
DA:185,1
DA:186,5
DA:187,5
DA:189,5
DA:190,1
DA:193,4
DA:194,4
DA:196,4
DA:197,1
DA:200,3
DA:201,1
DA:207,2
DA:208,2
DA:210,2
DA:211,2
DA:212,2
DA:214,2
DA:216,2
DA:222,1
DA:224,1
DA:225,1
DA:230,1
DA:231,8
DA:232,8
DA:233,8
DA:235,8
DA:236,1
DA:239,7
DA:240,1
DA:246,6
DA:247,1
DA:250,5
DA:251,1
DA:254,4
DA:256,4
DA:261,3
DA:262,1
DA:265,2
DA:266,1
DA:271,1
DA:272,1
DA:273,1
DA:274,1
DA:276,1
DA:278,1
DA:280,1
DA:281,1
DA:286,1
DA:287,11
DA:288,11
DA:290,11
DA:291,10
DA:292,1
DA:295,9
DA:296,1
DA:301,8
DA:302,1
DA:305,7
DA:306,1
DA:309,6
DA:310,1
DA:313,5
DA:314,1
DA:317,4
DA:318,1
DA:321,3
DA:322,1
DA:325,2
DA:326,2
DA:327,2
DA:328,2
DA:329,2
DA:330,2
DA:332,2
DA:334,2
DA:350,1
DA:351,1
DA:355,1
LF:155
LH:155
BRDA:15,0,0,13
BRDA:15,0,1,1
BRDA:16,1,0,12
BRDA:16,1,1,1
BRDA:20,2,0,1
BRDA:20,2,1,12
BRDA:39,3,0,1
BRDA:39,3,1,14
BRDA:43,4,0,1
BRDA:43,4,1,13
BRDA:47,5,0,1
BRDA:47,5,1,12
BRDA:51,6,0,1
BRDA:51,6,1,11
BRDA:55,7,0,1
BRDA:55,7,1,10
BRDA:55,8,0,11
BRDA:55,8,1,10
BRDA:59,9,0,1
BRDA:59,9,1,9
BRDA:63,10,0,1
BRDA:63,10,1,8
BRDA:67,11,0,1
BRDA:67,11,1,7
BRDA:74,12,0,1
BRDA:74,12,1,6
BRDA:78,13,0,1
BRDA:78,13,1,5
BRDA:82,14,0,1
BRDA:82,14,1,4
BRDA:90,15,0,1
BRDA:90,15,1,2
BRDA:101,16,0,1
BRDA:101,16,1,1
BRDA:112,17,0,1
BRDA:112,17,1,1
BRDA:125,18,0,1
BRDA:125,18,1,6
BRDA:129,19,0,1
BRDA:129,19,1,5
BRDA:136,20,0,1
BRDA:136,20,1,3
BRDA:140,21,0,1
BRDA:140,21,1,2
BRDA:148,22,0,1
BRDA:148,22,1,1
BRDA:170,23,0,1
BRDA:170,23,1,0
BRDA:171,24,0,1
BRDA:171,24,1,0
BRDA:172,25,0,1
BRDA:172,25,1,1
BRDA:173,26,0,1
BRDA:173,26,1,0
BRDA:174,27,0,1
BRDA:174,27,1,0
BRDA:175,28,0,1
BRDA:175,28,1,0
BRDA:189,29,0,1
BRDA:189,29,1,4
BRDA:196,30,0,1
BRDA:196,30,1,3
BRDA:200,31,0,1
BRDA:200,31,1,2
BRDA:235,32,0,1
BRDA:235,32,1,7
BRDA:239,33,0,1
BRDA:239,33,1,6
BRDA:246,34,0,1
BRDA:246,34,1,5
BRDA:250,35,0,1
BRDA:250,35,1,4
BRDA:261,36,0,1
BRDA:261,36,1,2
BRDA:265,37,0,1
BRDA:265,37,1,1
BRDA:291,38,0,1
BRDA:291,38,1,9
BRDA:295,39,0,1
BRDA:295,39,1,8
BRDA:301,40,0,1
BRDA:301,40,1,7
BRDA:305,41,0,1
BRDA:305,41,1,6
BRDA:309,42,0,1
BRDA:309,42,1,5
BRDA:313,43,0,1
BRDA:313,43,1,4
BRDA:313,44,0,5
BRDA:313,44,1,4
BRDA:317,45,0,1
BRDA:317,45,1,3
BRDA:321,46,0,1
BRDA:321,46,1,2
BRDA:327,47,0,1
BRDA:327,47,1,1
BRDA:330,48,0,2
BRDA:330,48,1,1
BRDA:341,49,0,2
BRDA:341,49,1,0
BRDA:342,50,0,2
BRDA:342,50,1,0
BRDA:343,51,0,2
BRDA:343,51,1,1
BRDA:344,52,0,2
BRDA:344,52,1,0
BRDA:345,53,0,2
BRDA:345,53,1,0
BRDA:346,54,0,2
BRDA:346,54,1,1
BRF:110
BRH:101
end_of_record
TN:
SF:routes\forumRoutes.js
FN:14,(anonymous_0)
FN:38,(anonymous_1)
FN:49,(anonymous_2)
FN:67,(anonymous_3)
FN:78,(anonymous_4)
FN:84,(anonymous_5)
FN:103,(anonymous_6)
FN:123,(anonymous_7)
FN:148,(anonymous_8)
FN:177,(anonymous_9)
FN:192,(anonymous_10)
FN:210,(anonymous_11)
FN:222,(anonymous_12)
FN:233,(anonymous_13)
FN:257,(anonymous_14)
FN:284,(anonymous_15)
FN:312,(anonymous_16)
FN:347,(anonymous_17)
FN:382,(anonymous_18)
FN:400,(anonymous_19)
FN:412,(anonymous_20)
FN:431,(anonymous_21)
FN:475,(anonymous_22)
FN:481,(anonymous_23)
FN:499,(anonymous_24)
FN:504,(anonymous_25)
FN:515,(anonymous_26)
FN:559,(anonymous_27)
FN:594,(anonymous_28)
FN:615,(anonymous_29)
FN:636,(anonymous_30)
FNF:31
FNH:31
FNDA:51,(anonymous_0)
FNDA:19,(anonymous_1)
FNDA:18,(anonymous_2)
FNDA:15,(anonymous_3)
FNDA:20,(anonymous_4)
FNDA:1,(anonymous_5)
FNDA:3,(anonymous_6)
FNDA:9,(anonymous_7)
FNDA:3,(anonymous_8)
FNDA:4,(anonymous_9)
FNDA:3,(anonymous_10)
FNDA:1,(anonymous_11)
FNDA:3,(anonymous_12)
FNDA:3,(anonymous_13)
FNDA:3,(anonymous_14)
FNDA:4,(anonymous_15)
FNDA:4,(anonymous_16)
FNDA:5,(anonymous_17)
FNDA:2,(anonymous_18)
FNDA:1,(anonymous_19)
FNDA:2,(anonymous_20)
FNDA:4,(anonymous_21)
FNDA:3,(anonymous_22)
FNDA:1,(anonymous_23)
FNDA:1,(anonymous_24)
FNDA:1,(anonymous_25)
FNDA:6,(anonymous_26)
FNDA:3,(anonymous_27)
FNDA:3,(anonymous_28)
FNDA:2,(anonymous_29)
FNDA:5,(anonymous_30)
DA:1,1
DA:2,1
DA:4,1
DA:5,1
DA:6,1
DA:8,1
DA:9,1
DA:14,1
DA:15,51
DA:16,51
DA:17,51
DA:19,51
DA:20,1
DA:23,50
DA:24,49
DA:26,49
DA:27,1
DA:30,48
DA:31,48
DA:33,1
DA:34,1
DA:38,1
DA:39,19
DA:40,1
DA:43,18
DA:49,1
DA:50,18
DA:51,18
DA:52,18
DA:54,18
DA:55,0
DA:57,0
DA:58,0
DA:60,0
DA:61,0
DA:62,0
DA:64,0
DA:67,1
DA:68,15
DA:78,1
DA:79,20
DA:80,3
DA:81,2
DA:84,1
DA:103,3
DA:123,9
DA:148,3
DA:177,1
DA:178,4
DA:179,4
DA:181,4
DA:182,4
DA:183,1
DA:186,3
DA:188,3
DA:192,3
DA:194,2
DA:209,2
DA:210,2
DA:211,1
DA:214,2
DA:221,2
DA:223,3
DA:228,1
DA:229,1
DA:233,1
DA:234,3
DA:235,3
DA:237,3
DA:239,2
DA:240,1
DA:243,1
DA:248,1
DA:252,1
DA:253,1
DA:257,1
DA:258,3
DA:259,3
DA:261,3
DA:263,2
DA:264,1
DA:267,1
DA:268,1
DA:269,1
DA:270,1
DA:272,1
DA:274,1
DA:279,1
DA:280,1
DA:284,1
DA:285,4
DA:286,4
DA:287,4
DA:289,4
DA:291,3
DA:292,1
DA:295,2
DA:296,2
DA:297,2
DA:298,2
DA:300,2
DA:302,2
DA:307,1
DA:308,1
DA:312,1
DA:313,4
DA:314,4
DA:315,4
DA:317,4
DA:319,3
DA:320,1
DA:323,2
DA:324,2
DA:325,2
DA:326,2
DA:328,2
DA:330,2
DA:335,1
DA:336,1
DA:347,1
DA:348,5
DA:349,5
DA:351,5
DA:352,1
DA:357,4
DA:359,4
DA:361,4
DA:362,1
DA:367,3
DA:371,3
DA:378,3
DA:382,2
DA:384,2
DA:399,2
DA:400,2
DA:401,1
DA:404,2
DA:411,2
DA:413,2
DA:424,1
DA:425,1
DA:431,1
DA:432,4
DA:433,4
DA:435,4
DA:436,1
DA:441,3
DA:443,3
DA:448,2
DA:449,1
DA:454,1
DA:459,1
DA:463,1
DA:464,1
DA:475,1
DA:476,3
DA:477,3
DA:481,2
DA:483,2
DA:498,2
DA:499,2
DA:500,1
DA:503,2
DA:505,1
DA:509,1
DA:510,1
DA:515,1
DA:516,6
DA:517,6
DA:519,6
DA:520,1
DA:523,5
DA:525,5
DA:526,1
DA:529,4
DA:530,1
DA:533,3
DA:545,2
DA:553,1
DA:554,1
DA:559,1
DA:560,3
DA:561,3
DA:563,3
DA:568,2
DA:569,1
DA:572,1
DA:573,1
DA:575,1
DA:580,1
DA:584,1
DA:585,1
DA:594,1
DA:595,3
DA:596,3
DA:598,3
DA:603,2
DA:604,1
DA:607,1
DA:614,1
DA:615,2
DA:630,1
DA:631,1
DA:636,1
DA:637,5
DA:638,5
DA:639,5
DA:640,5
DA:642,5
DA:647,5
DA:648,1
DA:651,4
DA:652,1
DA:655,3
DA:664,2
DA:681,1
DA:682,1
DA:686,1
LF:218
LH:211
BRDA:16,0,0,51
BRDA:16,0,1,1
BRDA:17,1,0,50
BRDA:17,1,1,1
BRDA:19,2,0,1
BRDA:19,2,1,50
BRDA:26,3,0,1
BRDA:26,3,1,48
BRDA:39,4,0,1
BRDA:39,4,1,18
BRDA:54,5,0,18
BRDA:54,5,1,0
BRDA:55,6,0,0
BRDA:55,6,1,0
BRDA:58,7,0,0
BRDA:58,7,1,0
BRDA:61,8,0,0
BRDA:61,8,1,0
BRDA:62,9,0,0
BRDA:62,9,1,0
BRDA:79,10,0,17
BRDA:79,10,1,3
BRDA:80,11,0,1
BRDA:80,11,1,2
BRDA:84,12,0,0
BRDA:88,13,0,1
BRDA:88,13,1,0
BRDA:88,13,2,0
BRDA:89,14,0,1
BRDA:89,14,1,0
BRDA:91,15,0,1
BRDA:91,15,1,1
BRDA:95,16,0,1
BRDA:95,16,1,0
BRDA:103,17,0,0
BRDA:107,18,0,3
BRDA:107,18,1,0
BRDA:108,19,0,3
BRDA:108,19,1,0
BRDA:108,19,2,0
BRDA:109,20,0,3
BRDA:109,20,1,0
BRDA:110,21,0,3
BRDA:110,21,1,3
BRDA:113,22,0,3
BRDA:113,22,1,0
BRDA:119,23,0,3
BRDA:119,23,1,2
BRDA:123,24,0,0
BRDA:127,25,0,9
BRDA:127,25,1,0
BRDA:128,26,0,9
BRDA:128,26,1,0
BRDA:128,26,2,0
BRDA:129,27,0,9
BRDA:129,27,1,0
BRDA:130,28,0,9
BRDA:130,28,1,9
BRDA:133,29,0,9
BRDA:133,29,1,0
BRDA:136,30,0,9
BRDA:136,30,1,5
BRDA:137,31,0,9
BRDA:137,31,1,4
BRDA:138,32,0,9
BRDA:138,32,1,4
BRDA:139,33,0,9
BRDA:139,33,1,9
BRDA:148,34,0,0
BRDA:152,35,0,3
BRDA:152,35,1,0
BRDA:153,36,0,3
BRDA:153,36,1,0
BRDA:153,36,2,0
BRDA:154,37,0,3
BRDA:154,37,1,0
BRDA:155,38,0,3
BRDA:155,38,1,3
BRDA:158,39,0,3
BRDA:158,39,1,0
BRDA:160,40,0,3
BRDA:160,40,1,0
BRDA:161,41,0,3
BRDA:161,41,1,2
BRDA:162,42,0,3
BRDA:162,42,1,3
BRDA:163,43,0,3
BRDA:163,43,1,3
BRDA:179,44,0,1
BRDA:182,45,0,1
BRDA:182,45,1,3
BRDA:186,46,0,1
BRDA:186,46,1,2
BRDA:223,47,0,3
BRDA:223,47,1,2
BRDA:239,48,0,1
BRDA:239,48,1,1
BRDA:263,49,0,1
BRDA:263,49,1,1
BRDA:291,50,0,1
BRDA:291,50,1,2
BRDA:296,51,0,2
BRDA:296,51,1,1
BRDA:319,52,0,1
BRDA:319,52,1,2
BRDA:324,53,0,2
BRDA:324,53,1,1
BRDA:351,54,0,1
BRDA:351,54,1,4
BRDA:357,55,0,2
BRDA:361,56,0,1
BRDA:361,56,1,3
BRDA:371,57,0,2
BRDA:371,57,1,1
BRDA:413,58,0,2
BRDA:413,58,1,1
BRDA:435,59,0,1
BRDA:435,59,1,3
BRDA:448,60,0,1
BRDA:448,60,1,1
BRDA:505,61,0,1
BRDA:505,61,1,0
BRDA:519,62,0,1
BRDA:519,62,1,5
BRDA:519,63,0,6
BRDA:519,63,1,2
BRDA:525,64,0,1
BRDA:525,64,1,4
BRDA:529,65,0,1
BRDA:529,65,1,3
BRDA:536,66,0,1
BRDA:536,66,1,2
BRDA:537,67,0,3
BRDA:537,67,1,1
BRDA:539,68,0,3
BRDA:539,68,1,2
BRDA:541,69,0,3
BRDA:541,69,1,3
BRDA:542,70,0,1
BRDA:542,70,1,2
BRDA:547,71,0,1
BRDA:547,71,1,1
BRDA:568,72,0,1
BRDA:568,72,1,1
BRDA:572,73,0,1
BRDA:572,73,1,0
BRDA:603,74,0,1
BRDA:603,74,1,1
BRDA:621,75,0,2
BRDA:621,75,1,0
BRDA:624,76,0,2
BRDA:624,76,1,2
BRDA:647,77,0,1
BRDA:647,77,1,4
BRDA:651,78,0,1
BRDA:651,78,1,3
BRDA:661,79,0,3
BRDA:661,79,1,2
BRDA:672,80,0,2
BRDA:672,80,1,0
BRDA:675,81,0,2
BRDA:675,81,1,2
BRF:162
BRH:125
end_of_record
TN:
SF:routes\quizRoutes.js
FN:6,(anonymous_0)
FN:8,(anonymous_1)
FN:20,(anonymous_2)
FN:26,(anonymous_3)
FN:41,(anonymous_4)
FN:51,(anonymous_5)
FN:68,(anonymous_6)
FN:97,(anonymous_7)
FN:115,(anonymous_8)
FN:125,(anonymous_9)
FNF:10
FNH:10
FNDA:13,(anonymous_0)
FNDA:45,(anonymous_1)
FNDA:13,(anonymous_2)
FNDA:32,(anonymous_3)
FNDA:2,(anonymous_4)
FNDA:9,(anonymous_5)
FNDA:4,(anonymous_6)
FNDA:3,(anonymous_7)
FNDA:3,(anonymous_8)
FNDA:3,(anonymous_9)
DA:1,1
DA:2,1
DA:3,1
DA:4,1
DA:6,1
DA:7,13
DA:8,45
DA:11,13
DA:20,1
DA:21,13
DA:22,11
DA:23,10
DA:24,1
DA:26,32
DA:27,1
DA:29,8
DA:34,2
DA:37,6
DA:41,1
DA:42,2
DA:43,2
DA:44,1
DA:46,1
DA:51,1
DA:52,9
DA:53,9
DA:54,9
DA:56,9
DA:57,6
DA:60,3
DA:61,2
DA:63,1
DA:68,1
DA:69,4
DA:70,4
DA:71,4
DA:73,4
DA:74,1
DA:77,3
DA:86,2
DA:87,1
DA:90,1
DA:92,1
DA:97,1
DA:98,3
DA:99,3
DA:101,2
DA:102,1
DA:105,1
DA:110,1
DA:115,1
DA:116,3
DA:117,3
DA:118,2
DA:120,1
DA:125,1
DA:126,3
DA:127,3
DA:128,2
DA:130,1
DA:134,1
LF:61
LH:61
BRDA:7,0,0,13
BRDA:7,0,1,0
BRDA:8,1,0,45
BRDA:8,1,1,1
BRDA:12,2,0,13
BRDA:12,2,1,2
BRDA:13,3,0,13
BRDA:13,3,1,1
BRDA:16,4,0,13
BRDA:16,4,1,10
BRDA:21,5,0,2
BRDA:21,5,1,11
BRDA:22,6,0,1
BRDA:22,6,1,10
BRDA:23,7,0,1
BRDA:23,7,1,9
BRDA:23,8,0,10
BRDA:23,8,1,10
BRDA:26,9,0,1
BRDA:26,9,1,8
BRDA:29,10,0,2
BRDA:29,10,1,6
BRDA:30,11,0,8
BRDA:30,11,1,8
BRDA:30,11,2,7
BRDA:56,12,0,6
BRDA:56,12,1,3
BRDA:73,13,0,1
BRDA:73,13,1,3
BRDA:86,14,0,1
BRDA:86,14,1,1
BRDA:101,15,0,1
BRDA:101,15,1,1
BRF:33
BRH:32
end_of_record
